<?xml version="1.0" encoding="UTF-8"?>
<testsuite name="com.awsProject.springboot.web.PostsApiControllerTest" tests="1" skipped="0" failures="0" errors="0" timestamp="2022-10-10T14:09:24" hostname="sin-incheol-ui-MacBookAir.local" time="0.863">
  <properties/>
  <testcase name="Posts_수정된다" classname="com.awsProject.springboot.web.PostsApiControllerTest" time="0.863"/>
  <system-out><![CDATA[23:09:16.558 [Test worker] DEBUG org.springframework.test.context.junit4.SpringJUnit4ClassRunner - SpringJUnit4ClassRunner constructor called with [class com.awsProject.springboot.web.PostsApiControllerTest]
23:09:16.563 [Test worker] DEBUG org.springframework.test.context.BootstrapUtils - Instantiating CacheAwareContextLoaderDelegate from class [org.springframework.test.context.cache.DefaultCacheAwareContextLoaderDelegate]
23:09:16.568 [Test worker] DEBUG org.springframework.test.context.BootstrapUtils - Instantiating BootstrapContext using constructor [public org.springframework.test.context.support.DefaultBootstrapContext(java.lang.Class,org.springframework.test.context.CacheAwareContextLoaderDelegate)]
23:09:16.592 [Test worker] DEBUG org.springframework.test.context.BootstrapUtils - Instantiating TestContextBootstrapper for test class [com.awsProject.springboot.web.PostsApiControllerTest] from class [org.springframework.boot.test.context.SpringBootTestContextBootstrapper]
23:09:16.599 [Test worker] INFO org.springframework.boot.test.context.SpringBootTestContextBootstrapper - Neither @ContextConfiguration nor @ContextHierarchy found for test class [com.awsProject.springboot.web.PostsApiControllerTest], using SpringBootContextLoader
23:09:16.601 [Test worker] DEBUG org.springframework.test.context.support.AbstractContextLoader - Did not detect default resource location for test class [com.awsProject.springboot.web.PostsApiControllerTest]: class path resource [com/awsProject/springboot/web/PostsApiControllerTest-context.xml] does not exist
23:09:16.601 [Test worker] DEBUG org.springframework.test.context.support.AbstractContextLoader - Did not detect default resource location for test class [com.awsProject.springboot.web.PostsApiControllerTest]: class path resource [com/awsProject/springboot/web/PostsApiControllerTestContext.groovy] does not exist
23:09:16.602 [Test worker] INFO org.springframework.test.context.support.AbstractContextLoader - Could not detect default resource locations for test class [com.awsProject.springboot.web.PostsApiControllerTest]: no resource found for suffixes {-context.xml, Context.groovy}.
23:09:16.602 [Test worker] INFO org.springframework.test.context.support.AnnotationConfigContextLoaderUtils - Could not detect default configuration classes for test class [com.awsProject.springboot.web.PostsApiControllerTest]: PostsApiControllerTest does not declare any static, non-private, non-final, nested classes annotated with @Configuration.
23:09:16.652 [Test worker] DEBUG org.springframework.test.context.support.ActiveProfilesUtils - Could not find an 'annotation declaring class' for annotation type [org.springframework.test.context.ActiveProfiles] and class [com.awsProject.springboot.web.PostsApiControllerTest]
23:09:16.791 [Test worker] DEBUG org.springframework.context.annotation.ClassPathScanningCandidateComponentProvider - Identified candidate component class: file [/Users/setia/Documents/awsProject/build/classes/java/main/com/awsProject/springboot/Application.class]
23:09:16.792 [Test worker] INFO org.springframework.boot.test.context.SpringBootTestContextBootstrapper - Found @SpringBootConfiguration com.awsProject.springboot.Application for test class com.awsProject.springboot.web.PostsApiControllerTest
23:09:16.874 [Test worker] DEBUG org.springframework.boot.test.context.SpringBootTestContextBootstrapper - @TestExecutionListeners is not present for class [com.awsProject.springboot.web.PostsApiControllerTest]: using defaults.
23:09:16.875 [Test worker] INFO org.springframework.boot.test.context.SpringBootTestContextBootstrapper - Loaded default TestExecutionListener class names from location [META-INF/spring.factories]: [org.springframework.boot.test.autoconfigure.restdocs.RestDocsTestExecutionListener, org.springframework.boot.test.autoconfigure.web.client.MockRestServiceServerResetTestExecutionListener, org.springframework.boot.test.autoconfigure.web.servlet.MockMvcPrintOnlyOnFailureTestExecutionListener, org.springframework.boot.test.autoconfigure.web.servlet.WebDriverTestExecutionListener, org.springframework.boot.test.mock.mockito.MockitoTestExecutionListener, org.springframework.boot.test.mock.mockito.ResetMocksTestExecutionListener, org.springframework.test.context.web.ServletTestExecutionListener, org.springframework.test.context.support.DirtiesContextBeforeModesTestExecutionListener, org.springframework.test.context.support.DependencyInjectionTestExecutionListener, org.springframework.test.context.support.DirtiesContextTestExecutionListener, org.springframework.test.context.transaction.TransactionalTestExecutionListener, org.springframework.test.context.jdbc.SqlScriptsTestExecutionListener]
23:09:16.890 [Test worker] INFO org.springframework.boot.test.context.SpringBootTestContextBootstrapper - Using TestExecutionListeners: [org.springframework.test.context.web.ServletTestExecutionListener@6e9a5ed8, org.springframework.test.context.support.DirtiesContextBeforeModesTestExecutionListener@7e057f43, org.springframework.boot.test.mock.mockito.MockitoTestExecutionListener@6c284af, org.springframework.boot.test.autoconfigure.SpringBootDependencyInjectionTestExecutionListener@5890e879, org.springframework.test.context.support.DirtiesContextTestExecutionListener@6440112d, org.springframework.test.context.transaction.TransactionalTestExecutionListener@31ea9581, org.springframework.test.context.jdbc.SqlScriptsTestExecutionListener@231f98ef, org.springframework.boot.test.autoconfigure.restdocs.RestDocsTestExecutionListener@7c137fd5, org.springframework.boot.test.autoconfigure.web.client.MockRestServiceServerResetTestExecutionListener@183ec003, org.springframework.boot.test.autoconfigure.web.servlet.MockMvcPrintOnlyOnFailureTestExecutionListener@7d9d0818, org.springframework.boot.test.autoconfigure.web.servlet.WebDriverTestExecutionListener@221a3fa4, org.springframework.boot.test.mock.mockito.ResetMocksTestExecutionListener@451001e5]
23:09:16.893 [Test worker] DEBUG org.springframework.test.annotation.ProfileValueUtils - Retrieved @ProfileValueSourceConfiguration [null] for test class [com.awsProject.springboot.web.PostsApiControllerTest]
23:09:16.893 [Test worker] DEBUG org.springframework.test.annotation.ProfileValueUtils - Retrieved ProfileValueSource type [class org.springframework.test.annotation.SystemProfileValueSource] for class [com.awsProject.springboot.web.PostsApiControllerTest]
23:09:16.896 [Test worker] DEBUG org.springframework.test.annotation.ProfileValueUtils - Retrieved @ProfileValueSourceConfiguration [null] for test class [com.awsProject.springboot.web.PostsApiControllerTest]
23:09:16.897 [Test worker] DEBUG org.springframework.test.annotation.ProfileValueUtils - Retrieved ProfileValueSource type [class org.springframework.test.annotation.SystemProfileValueSource] for class [com.awsProject.springboot.web.PostsApiControllerTest]
23:09:16.897 [Test worker] DEBUG org.springframework.test.annotation.ProfileValueUtils - Retrieved @ProfileValueSourceConfiguration [null] for test class [com.awsProject.springboot.web.PostsApiControllerTest]
23:09:16.897 [Test worker] DEBUG org.springframework.test.annotation.ProfileValueUtils - Retrieved ProfileValueSource type [class org.springframework.test.annotation.SystemProfileValueSource] for class [com.awsProject.springboot.web.PostsApiControllerTest]
23:09:16.901 [Test worker] DEBUG org.springframework.test.context.support.AbstractDirtiesContextTestExecutionListener - Before test class: context [DefaultTestContext@4bdeaabb testClass = PostsApiControllerTest, testInstance = [null], testMethod = [null], testException = [null], mergedContextConfiguration = [WebMergedContextConfiguration@6c4906d3 testClass = PostsApiControllerTest, locations = '{}', classes = '{class com.awsProject.springboot.Application}', contextInitializerClasses = '[]', activeProfiles = '{}', propertySourceLocations = '{}', propertySourceProperties = '{org.springframework.boot.test.context.SpringBootTestContextBootstrapper=true, server.port=0}', contextCustomizers = set[org.springframework.boot.test.autoconfigure.properties.PropertyMappingContextCustomizer@0, org.springframework.boot.test.autoconfigure.web.servlet.WebDriverContextCustomizerFactory$Customizer@595b007d, org.springframework.boot.test.context.filter.ExcludeFilterContextCustomizer@79e2c065, org.springframework.boot.test.json.DuplicateJsonObjectContextCustomizerFactory$DuplicateJsonObjectContextCustomizer@7e07db1f, org.springframework.boot.test.mock.mockito.MockitoContextCustomizer@0, org.springframework.boot.test.web.client.TestRestTemplateContextCustomizer@77fbd92c], resourceBasePath = 'src/main/webapp', contextLoader = 'org.springframework.boot.test.context.SpringBootContextLoader', parent = [null]], attributes = map['org.springframework.test.context.web.ServletTestExecutionListener.activateListener' -> false]], class annotated with @DirtiesContext [false] with mode [null].
23:09:16.903 [Test worker] DEBUG org.springframework.test.annotation.ProfileValueUtils - Retrieved @ProfileValueSourceConfiguration [null] for test class [com.awsProject.springboot.web.PostsApiControllerTest]
23:09:16.903 [Test worker] DEBUG org.springframework.test.annotation.ProfileValueUtils - Retrieved ProfileValueSource type [class org.springframework.test.annotation.SystemProfileValueSource] for class [com.awsProject.springboot.web.PostsApiControllerTest]
23:09:16.908 [Test worker] DEBUG org.springframework.test.context.support.DependencyInjectionTestExecutionListener - Performing dependency injection for test context [[DefaultTestContext@4bdeaabb testClass = PostsApiControllerTest, testInstance = com.awsProject.springboot.web.PostsApiControllerTest@239a307b, testMethod = [null], testException = [null], mergedContextConfiguration = [WebMergedContextConfiguration@6c4906d3 testClass = PostsApiControllerTest, locations = '{}', classes = '{class com.awsProject.springboot.Application}', contextInitializerClasses = '[]', activeProfiles = '{}', propertySourceLocations = '{}', propertySourceProperties = '{org.springframework.boot.test.context.SpringBootTestContextBootstrapper=true, server.port=0}', contextCustomizers = set[org.springframework.boot.test.autoconfigure.properties.PropertyMappingContextCustomizer@0, org.springframework.boot.test.autoconfigure.web.servlet.WebDriverContextCustomizerFactory$Customizer@595b007d, org.springframework.boot.test.context.filter.ExcludeFilterContextCustomizer@79e2c065, org.springframework.boot.test.json.DuplicateJsonObjectContextCustomizerFactory$DuplicateJsonObjectContextCustomizer@7e07db1f, org.springframework.boot.test.mock.mockito.MockitoContextCustomizer@0, org.springframework.boot.test.web.client.TestRestTemplateContextCustomizer@77fbd92c], resourceBasePath = 'src/main/webapp', contextLoader = 'org.springframework.boot.test.context.SpringBootContextLoader', parent = [null]], attributes = map['org.springframework.test.context.web.ServletTestExecutionListener.activateListener' -> false]]].
23:09:16.971 [Test worker] DEBUG org.springframework.test.context.support.TestPropertySourceUtils - Adding inlined properties to environment: {spring.jmx.enabled=false, org.springframework.boot.test.context.SpringBootTestContextBootstrapper=true, server.port=0}
2022-10-10 23:09:17.197 DEBUG 26488 --- [    Test worker] .c.l.ClasspathLoggingApplicationListener : Application started with classpath: [file:/Users/setia/.gradle/caches/7.4/workerMain/gradle-worker.jar, file:/Users/setia/Documents/awsProject/build/classes/java/test/, file:/Users/setia/Documents/awsProject/build/classes/java/main/, file:/Users/setia/Documents/awsProject/build/resources/main/, file:/Users/setia/.gradle/caches/modules-2/files-2.1/org.projectlombok/lombok/1.18.8/448003bc1b234aac04b58e27d7755c12c3ec4236/lombok-1.18.8.jar, file:/Users/setia/.gradle/caches/modules-2/files-2.1/org.springframework.boot/spring-boot-starter-web/2.1.7.RELEASE/fa43baf40bde3ecdb93ac9c545dd39f82ab29c35/spring-boot-starter-web-2.1.7.RELEASE.jar, file:/Users/setia/.gradle/caches/modules-2/files-2.1/org.springframework.boot/spring-boot-starter-data-jpa/2.1.7.RELEASE/5e4a5d5442f32f5e12b36674a620ec57b0b66c6e/spring-boot-starter-data-jpa-2.1.7.RELEASE.jar, file:/Users/setia/.gradle/caches/modules-2/files-2.1/com.h2database/h2/1.4.199/7bf08152984ed8859740ae3f97fae6c72771ae45/h2-1.4.199.jar, file:/Users/setia/.gradle/caches/modules-2/files-2.1/org.springframework.boot/spring-boot-starter-test/2.1.7.RELEASE/39e82379a28c217ab892eb00ef601dc0571f56a4/spring-boot-starter-test-2.1.7.RELEASE.jar, file:/Users/setia/.gradle/caches/modules-2/files-2.1/org.springframework.boot/spring-boot-starter-json/2.1.7.RELEASE/9c12f046a7c4ae110d89163a491ad0d7cf036e79/spring-boot-starter-json-2.1.7.RELEASE.jar, file:/Users/setia/.gradle/caches/modules-2/files-2.1/org.springframework.boot/spring-boot-starter-aop/2.1.7.RELEASE/4577d056af1f823bb7730c99f43c3268dd697310/spring-boot-starter-aop-2.1.7.RELEASE.jar, file:/Users/setia/.gradle/caches/modules-2/files-2.1/org.springframework.boot/spring-boot-starter-jdbc/2.1.7.RELEASE/3ea97a134b44a886ff529215e7bec04bfd93fa5b/spring-boot-starter-jdbc-2.1.7.RELEASE.jar, file:/Users/setia/.gradle/caches/modules-2/files-2.1/org.springframework.boot/spring-boot-starter/2.1.7.RELEASE/e23f4e9460e0e2220b444e40fc7fd6e95f66e0fe/spring-boot-starter-2.1.7.RELEASE.jar, file:/Users/setia/.gradle/caches/modules-2/files-2.1/org.springframework.boot/spring-boot-starter-tomcat/2.1.7.RELEASE/11f2a86aefefba72a4efe5ff18f4165a4b4e78b/spring-boot-starter-tomcat-2.1.7.RELEASE.jar, file:/Users/setia/.gradle/caches/modules-2/files-2.1/org.hibernate.validator/hibernate-validator/6.0.17.Final/af73055fc4a103ab347c56e7da5a143d68a0170/hibernate-validator-6.0.17.Final.jar, file:/Users/setia/.gradle/caches/modules-2/files-2.1/org.springframework/spring-webmvc/5.1.9.RELEASE/b9d4a2140488f0e6f9aa231e7938ae18da77b637/spring-webmvc-5.1.9.RELEASE.jar, file:/Users/setia/.gradle/caches/modules-2/files-2.1/org.springframework/spring-web/5.1.9.RELEASE/9fe4390420fdd0b63dc4ed90d9027dafa9f74f80/spring-web-5.1.9.RELEASE.jar, file:/Users/setia/.gradle/caches/modules-2/files-2.1/javax.transaction/javax.transaction-api/1.3/e006adf5cf3cca2181d16bd640ecb80148ec0fce/javax.transaction-api-1.3.jar, file:/Users/setia/.gradle/caches/modules-2/files-2.1/javax.xml.bind/jaxb-api/2.3.1/8531ad5ac454cc2deb9d4d32c40c4d7451939b5d/jaxb-api-2.3.1.jar, file:/Users/setia/.gradle/caches/modules-2/files-2.1/org.hibernate/hibernate-core/5.3.10.Final/e608b854325005edbf43cb2b6041fdafd3f2eb57/hibernate-core-5.3.10.Final.jar, file:/Users/setia/.gradle/caches/modules-2/files-2.1/org.springframework.data/spring-data-jpa/2.1.10.RELEASE/12639406aa28c3a5195a1a4c9077fe562f54bc31/spring-data-jpa-2.1.10.RELEASE.jar, file:/Users/setia/.gradle/caches/modules-2/files-2.1/org.springframework/spring-aspects/5.1.9.RELEASE/a8aec853c345ed54a99627cee9f755ce7dbb734/spring-aspects-5.1.9.RELEASE.jar, file:/Users/setia/.gradle/caches/modules-2/files-2.1/org.springframework.boot/spring-boot-test-autoconfigure/2.1.7.RELEASE/8c9847259e14419d2bcc4eed26bcf48dc56686ef/spring-boot-test-autoconfigure-2.1.7.RELEASE.jar, file:/Users/setia/.gradle/caches/modules-2/files-2.1/org.springframework.boot/spring-boot-test/2.1.7.RELEASE/70ed88830a08e8baa0b562090168fdba0e92810/spring-boot-test-2.1.7.RELEASE.jar, file:/Users/setia/.gradle/caches/modules-2/files-2.1/com.jayway.jsonpath/json-path/2.4.0/765a4401ceb2dc8d40553c2075eb80a8fa35c2ae/json-path-2.4.0.jar, file:/Users/setia/.gradle/caches/modules-2/files-2.1/junit/junit/4.12/2973d150c0dc1fefe998f834810d68f278ea58ec/junit-4.12.jar, file:/Users/setia/.gradle/caches/modules-2/files-2.1/org.assertj/assertj-core/3.11.1/fdac3217b804d6900fa3650f17b5cb48e620b140/assertj-core-3.11.1.jar, file:/Users/setia/.gradle/caches/modules-2/files-2.1/org.mockito/mockito-core/2.23.4/a35b6f8ffcfa786771eac7d7d903429e790fdf3f/mockito-core-2.23.4.jar, file:/Users/setia/.gradle/caches/modules-2/files-2.1/org.hamcrest/hamcrest-library/1.3/4785a3c21320980282f9f33d0d1264a69040538f/hamcrest-library-1.3.jar, file:/Users/setia/.gradle/caches/modules-2/files-2.1/org.hamcrest/hamcrest-core/1.3/42a25dc3219429f0e5d060061f71acb49bf010a0/hamcrest-core-1.3.jar, file:/Users/setia/.gradle/caches/modules-2/files-2.1/org.skyscreamer/jsonassert/1.5.0/6c9d5fe2f59da598d9aefc1cfc6528ff3cf32df3/jsonassert-1.5.0.jar, file:/Users/setia/.gradle/caches/modules-2/files-2.1/org.springframework/spring-test/5.1.9.RELEASE/653fa9de816677b3318e7058af54e7ee56866b09/spring-test-5.1.9.RELEASE.jar, file:/Users/setia/.gradle/caches/modules-2/files-2.1/org.springframework.boot/spring-boot-autoconfigure/2.1.7.RELEASE/2c9d3e2c6ea3cb435e99e2973009636b62a9d816/spring-boot-autoconfigure-2.1.7.RELEASE.jar, file:/Users/setia/.gradle/caches/modules-2/files-2.1/org.springframework.boot/spring-boot/2.1.7.RELEASE/1599a2ad1fc6d36dbfc2a7c0dd5dab3a0bb27c61/spring-boot-2.1.7.RELEASE.jar, file:/Users/setia/.gradle/caches/modules-2/files-2.1/org.springframework/spring-context/5.1.9.RELEASE/c37f8fe15a5ae4ea1f351bd46167fd492a84eefa/spring-context-5.1.9.RELEASE.jar, file:/Users/setia/.gradle/caches/modules-2/files-2.1/org.springframework/spring-expression/5.1.9.RELEASE/db3a2468c1b7d697ec3b3ec6e5652dc282994fe3/spring-expression-5.1.9.RELEASE.jar, file:/Users/setia/.gradle/caches/modules-2/files-2.1/org.springframework/spring-orm/5.1.9.RELEASE/220169d217f7114706141fc0afba425a5b368dce/spring-orm-5.1.9.RELEASE.jar, file:/Users/setia/.gradle/caches/modules-2/files-2.1/org.springframework/spring-jdbc/5.1.9.RELEASE/3fd70356ba8d7c00c4081c1a207766352624414e/spring-jdbc-5.1.9.RELEASE.jar, file:/Users/setia/.gradle/caches/modules-2/files-2.1/org.springframework.data/spring-data-commons/2.1.10.RELEASE/c73a76070181b59b19df6893e1ca729263a69b47/spring-data-commons-2.1.10.RELEASE.jar, file:/Users/setia/.gradle/caches/modules-2/files-2.1/org.springframework/spring-tx/5.1.9.RELEASE/a9125e2c8eeb193030f3972c6293616943c55ef2/spring-tx-5.1.9.RELEASE.jar, file:/Users/setia/.gradle/caches/modules-2/files-2.1/org.springframework/spring-aop/5.1.9.RELEASE/bc2312ffad02251b9d472e4a7c0e472a58f50fbf/spring-aop-5.1.9.RELEASE.jar, file:/Users/setia/.gradle/caches/modules-2/files-2.1/org.springframework/spring-beans/5.1.9.RELEASE/5a03b3983108d73978aec2fa3e681aedad6782c/spring-beans-5.1.9.RELEASE.jar, file:/Users/setia/.gradle/caches/modules-2/files-2.1/org.springframework/spring-core/5.1.9.RELEASE/dc3815439579b4fa0c19970e6b8e5d774af8d988/spring-core-5.1.9.RELEASE.jar, file:/Users/setia/.gradle/caches/modules-2/files-2.1/org.xmlunit/xmlunit-core/2.6.3/cdb208320aed4a7b94fb236cfbf91aeb6d0ede14/xmlunit-core-2.6.3.jar, file:/Users/setia/.gradle/caches/modules-2/files-2.1/org.springframework.boot/spring-boot-starter-logging/2.1.7.RELEASE/6e829f739992a7f368c0af44a08ed89ad2a1972f/spring-boot-starter-logging-2.1.7.RELEASE.jar, file:/Users/setia/.gradle/caches/modules-2/files-2.1/javax.annotation/javax.annotation-api/1.3.2/934c04d3cfef185a8008e7bf34331b79730a9d43/javax.annotation-api-1.3.2.jar, file:/Users/setia/.gradle/caches/modules-2/files-2.1/org.yaml/snakeyaml/1.23/ec62d74fe50689c28c0ff5b35d3aebcaa8b5be68/snakeyaml-1.23.jar, file:/Users/setia/.gradle/caches/modules-2/files-2.1/com.fasterxml.jackson.datatype/jackson-datatype-jdk8/2.9.9/4b04126963103216c9c43b0f34bbc36315654204/jackson-datatype-jdk8-2.9.9.jar, file:/Users/setia/.gradle/caches/modules-2/files-2.1/com.fasterxml.jackson.datatype/jackson-datatype-jsr310/2.9.9/a33df137557793b0404a486888dbe049f7abeeeb/jackson-datatype-jsr310-2.9.9.jar, file:/Users/setia/.gradle/caches/modules-2/files-2.1/com.fasterxml.jackson.module/jackson-module-parameter-names/2.9.9/a92facb55a2538e7b2fe14294570a18b823ad431/jackson-module-parameter-names-2.9.9.jar, file:/Users/setia/.gradle/caches/modules-2/files-2.1/com.fasterxml.jackson.core/jackson-databind/2.9.9/d6eb9817d9c7289a91f043ac5ee02a6b3cc86238/jackson-databind-2.9.9.jar, file:/Users/setia/.gradle/caches/modules-2/files-2.1/org.apache.tomcat.embed/tomcat-embed-websocket/9.0.22/45974d3443cc15ad9d10239d762d5e15759e6364/tomcat-embed-websocket-9.0.22.jar, file:/Users/setia/.gradle/caches/modules-2/files-2.1/org.apache.tomcat.embed/tomcat-embed-core/9.0.22/79f39903498b28adacb18fe2ea046edd306295a6/tomcat-embed-core-9.0.22.jar, file:/Users/setia/.gradle/caches/modules-2/files-2.1/org.apache.tomcat.embed/tomcat-embed-el/9.0.22/4da4b778b635a7e78ca7cd7288253e2e47b88a9f/tomcat-embed-el-9.0.22.jar, file:/Users/setia/.gradle/caches/modules-2/files-2.1/javax.validation/validation-api/2.0.1.Final/cb855558e6271b1b32e716d24cb85c7f583ce09e/validation-api-2.0.1.Final.jar, file:/Users/setia/.gradle/caches/modules-2/files-2.1/org.hibernate.common/hibernate-commons-annotations/5.0.4.Final/965a18fdf939ee75e41f7918532d37b3a8350535/hibernate-commons-annotations-5.0.4.Final.jar, file:/Users/setia/.gradle/caches/modules-2/files-2.1/org.jboss.logging/jboss-logging/3.3.2.Final/3789d00e859632e6c6206adc0c71625559e6e3b0/jboss-logging-3.3.2.Final.jar, file:/Users/setia/.gradle/caches/modules-2/files-2.1/com.fasterxml/classmate/1.4.0/291658ac2ce2476256c7115943652c0accb5c857/classmate-1.4.0.jar, file:/Users/setia/.gradle/caches/modules-2/files-2.1/org.aspectj/aspectjweaver/1.9.4/9205229878f3d62fbd3a32a0fb6be2d6ad8589a9/aspectjweaver-1.9.4.jar, file:/Users/setia/.gradle/caches/modules-2/files-2.1/com.zaxxer/HikariCP/3.2.0/6c66db1c636ee90beb4c65fe34abd8ba9396bca6/HikariCP-3.2.0.jar, file:/Users/setia/.gradle/caches/modules-2/files-2.1/javax.activation/javax.activation-api/1.2.0/85262acf3ca9816f9537ca47d5adeabaead7cb16/javax.activation-api-1.2.0.jar, file:/Users/setia/.gradle/caches/modules-2/files-2.1/javax.persistence/javax.persistence-api/2.2/25665ac8c0b62f50e6488173233239120fc52c96/javax.persistence-api-2.2.jar, file:/Users/setia/.gradle/caches/modules-2/files-2.1/org.javassist/javassist/3.23.2-GA/c5afe660a95e87ceb518e4f5cf02f5c56b547683/javassist-3.23.2-GA.jar, file:/Users/setia/.gradle/caches/modules-2/files-2.1/net.bytebuddy/byte-buddy/1.9.16/e7d63009be7b87ff1f15b72e5b8c59c897a8d8bd/byte-buddy-1.9.16.jar, file:/Users/setia/.gradle/caches/modules-2/files-2.1/antlr/antlr/2.7.7/83cd2cd674a217ade95a4bb83a8a14f351f48bd0/antlr-2.7.7.jar, file:/Users/setia/.gradle/caches/modules-2/files-2.1/org.jboss/jandex/2.0.5.Final/7060f67764565b9ee9d467e3ed0cb8a9c601b23a/jandex-2.0.5.Final.jar, file:/Users/setia/.gradle/caches/modules-2/files-2.1/org.dom4j/dom4j/2.1.1/3dce5dbb3571aa820c677fadd8349bfa8f00c199/dom4j-2.1.1.jar, file:/Users/setia/.gradle/caches/modules-2/files-2.1/ch.qos.logback/logback-classic/1.2.3/7c4f3c474fb2c041d8028740440937705ebb473a/logback-classic-1.2.3.jar, file:/Users/setia/.gradle/caches/modules-2/files-2.1/org.apache.logging.log4j/log4j-to-slf4j/2.11.2/6d37bf7b046c0ce2669f26b99365a2cfa45c4c18/log4j-to-slf4j-2.11.2.jar, file:/Users/setia/.gradle/caches/modules-2/files-2.1/org.slf4j/jul-to-slf4j/1.7.26/8031352b2bb0a49e67818bf04c027aa92e645d5c/jul-to-slf4j-1.7.26.jar, file:/Users/setia/.gradle/caches/modules-2/files-2.1/org.slf4j/slf4j-api/1.7.26/77100a62c2e6f04b53977b9f541044d7d722693d/slf4j-api-1.7.26.jar, file:/Users/setia/.gradle/caches/modules-2/files-2.1/net.minidev/json-smart/2.3/7396407491352ce4fa30de92efb158adb76b5b/json-smart-2.3.jar, file:/Users/setia/.gradle/caches/modules-2/files-2.1/net.bytebuddy/byte-buddy-agent/1.9.16/fd213511a0a845632456f636e576d24c2d6ac3bc/byte-buddy-agent-1.9.16.jar, file:/Users/setia/.gradle/caches/modules-2/files-2.1/org.objenesis/objenesis/2.6/639033469776fd37c08358c6b92a4761feb2af4b/objenesis-2.6.jar, file:/Users/setia/.gradle/caches/modules-2/files-2.1/com.vaadin.external.google/android-json/0.0.20131108.vaadin1/fa26d351fe62a6a17f5cda1287c1c6110dec413f/android-json-0.0.20131108.vaadin1.jar, file:/Users/setia/.gradle/caches/modules-2/files-2.1/org.springframework/spring-jcl/5.1.9.RELEASE/7c372790c999777d20f364960cf557dd74f890cf/spring-jcl-5.1.9.RELEASE.jar, file:/Users/setia/.gradle/caches/modules-2/files-2.1/com.fasterxml.jackson.core/jackson-annotations/2.9.0/7c10d545325e3a6e72e06381afe469fd40eb701/jackson-annotations-2.9.0.jar, file:/Users/setia/.gradle/caches/modules-2/files-2.1/com.fasterxml.jackson.core/jackson-core/2.9.9/bfff5af9fb8347d26bbb7959cb9b4fe9a2b0ca5e/jackson-core-2.9.9.jar, file:/Users/setia/.gradle/caches/modules-2/files-2.1/net.minidev/accessors-smart/1.2/c592b500269bfde36096641b01238a8350f8aa31/accessors-smart-1.2.jar, file:/Users/setia/.gradle/caches/modules-2/files-2.1/ch.qos.logback/logback-core/1.2.3/864344400c3d4d92dfeb0a305dc87d953677c03c/logback-core-1.2.3.jar, file:/Users/setia/.gradle/caches/modules-2/files-2.1/org.apache.logging.log4j/log4j-api/2.11.2/f5e9a2ffca496057d6891a3de65128efc636e26e/log4j-api-2.11.2.jar, file:/Users/setia/.gradle/caches/modules-2/files-2.1/org.ow2.asm/asm/5.0.4/da08b8cce7bbf903602a25a3a163ae252435795/asm-5.0.4.jar]

  .   ____          _            __ _ _
 /\\ / ___'_ __ _ _(_)_ __  __ _ \ \ \ \
( ( )\___ | '_ | '_| | '_ \/ _` | \ \ \ \
 \\/  ___)| |_)| | | | | || (_| |  ) ) ) )
  '  |____| .__|_| |_|_| |_\__, | / / / /
 =========|_|==============|___/=/_/_/_/
 :: Spring Boot ::        (v2.1.7.RELEASE)

2022-10-10 23:09:17.328  INFO 26488 --- [    Test worker] c.a.s.web.PostsApiControllerTest         : Starting PostsApiControllerTest on sin-incheol-ui-MacBookAir.local with PID 26488 (started by setia in /Users/setia/Documents/awsProject)
2022-10-10 23:09:17.332  INFO 26488 --- [    Test worker] c.a.s.web.PostsApiControllerTest         : No active profile set, falling back to default profiles: default
2022-10-10 23:09:17.334 DEBUG 26488 --- [    Test worker] o.s.boot.SpringApplication               : Loading source class com.awsProject.springboot.Application
2022-10-10 23:09:17.366 DEBUG 26488 --- [    Test worker] o.s.b.c.c.ConfigFileApplicationListener  : Loaded config file 'file:/Users/setia/Documents/awsProject/build/resources/main/application.properties' (classpath:/application.properties)
2022-10-10 23:09:17.367 DEBUG 26488 --- [    Test worker] ConfigServletWebServerApplicationContext : Refreshing org.springframework.boot.web.servlet.context.AnnotationConfigServletWebServerApplicationContext@21ba0741
2022-10-10 23:09:17.484 DEBUG 26488 --- [    Test worker] o.s.b.f.s.DefaultListableBeanFactory     : Creating shared instance of singleton bean 'org.springframework.context.annotation.internalConfigurationAnnotationProcessor'
2022-10-10 23:09:17.495 DEBUG 26488 --- [    Test worker] o.s.b.f.s.DefaultListableBeanFactory     : Creating shared instance of singleton bean 'org.springframework.boot.autoconfigure.internalCachingMetadataReaderFactory'
2022-10-10 23:09:17.606 DEBUG 26488 --- [    Test worker] o.s.c.a.ClassPathBeanDefinitionScanner   : Identified candidate component class: file [/Users/setia/Documents/awsProject/build/classes/java/main/com/awsProject/springboot/service/posts/PostsService.class]
2022-10-10 23:09:17.608 DEBUG 26488 --- [    Test worker] o.s.c.a.ClassPathBeanDefinitionScanner   : Identified candidate component class: file [/Users/setia/Documents/awsProject/build/classes/java/main/com/awsProject/springboot/web/HelloController.class]
2022-10-10 23:09:17.609 DEBUG 26488 --- [    Test worker] o.s.c.a.ClassPathBeanDefinitionScanner   : Identified candidate component class: file [/Users/setia/Documents/awsProject/build/classes/java/main/com/awsProject/springboot/web/PostsApiController.class]
2022-10-10 23:09:18.124 DEBUG 26488 --- [    Test worker] o.s.c.e.PropertySourcesPropertyResolver  : Found key 'spring.jmx.enabled' in PropertySource 'configurationProperties' with value of type String
2022-10-10 23:09:18.177 DEBUG 26488 --- [    Test worker] o.s.c.e.PropertySourcesPropertyResolver  : Found key 'spring.jmx.enabled' in PropertySource 'configurationProperties' with value of type String
2022-10-10 23:09:18.329 DEBUG 26488 --- [    Test worker] o.s.b.f.s.DefaultListableBeanFactory     : Creating shared instance of singleton bean 'org.springframework.boot.autoconfigure.condition.BeanTypeRegistry'
2022-10-10 23:09:18.535  INFO 26488 --- [    Test worker] .s.d.r.c.RepositoryConfigurationDelegate : Bootstrapping Spring Data repositories in DEFAULT mode.
2022-10-10 23:09:18.545 DEBUG 26488 --- [    Test worker] o.s.b.f.s.DefaultListableBeanFactory     : Creating shared instance of singleton bean 'org.springframework.boot.autoconfigure.AutoConfigurationPackages'
2022-10-10 23:09:18.554 DEBUG 26488 --- [    Test worker] o.s.b.a.AutoConfigurationPackages        : @EnableAutoConfiguration was declared on a class in the package 'com.awsProject.springboot'. Automatic @Repository and @Entity scanning is enabled.
2022-10-10 23:09:18.557 DEBUG 26488 --- [    Test worker] .s.d.r.c.RepositoryConfigurationDelegate : Scanning for repositories in packages com.awsProject.springboot.
2022-10-10 23:09:18.572 DEBUG 26488 --- [    Test worker] o.s.d.r.c.RepositoryComponentProvider    : Identified candidate component class: file [/Users/setia/Documents/awsProject/build/classes/java/main/com/awsProject/springboot/domain/posts/PostsRepository.class]
2022-10-10 23:09:18.637  INFO 26488 --- [    Test worker] .s.d.r.c.RepositoryConfigurationDelegate : Finished Spring Data repository scanning in 79ms. Found 1 repository interfaces.
2022-10-10 23:09:18.759 DEBUG 26488 --- [    Test worker] o.s.b.f.s.DefaultListableBeanFactory     : Creating shared instance of singleton bean 'org.springframework.boot.test.web.client.TestRestTemplateContextCustomizer$TestRestTemplateRegistrar'
2022-10-10 23:09:19.017 DEBUG 26488 --- [    Test worker] o.s.b.f.s.DefaultListableBeanFactory     : Creating shared instance of singleton bean 'propertySourcesPlaceholderConfigurer'
2022-10-10 23:09:19.023 DEBUG 26488 --- [    Test worker] o.s.b.f.s.DefaultListableBeanFactory     : Creating shared instance of singleton bean 'org.springframework.boot.test.mock.mockito.MockitoPostProcessor'
2022-10-10 23:09:19.027 DEBUG 26488 --- [    Test worker] o.s.b.f.s.DefaultListableBeanFactory     : Creating shared instance of singleton bean 'emBeanDefinitionRegistrarPostProcessor'
2022-10-10 23:09:19.065 DEBUG 26488 --- [    Test worker] o.s.b.f.s.DefaultListableBeanFactory     : Creating shared instance of singleton bean 'org.springframework.context.event.internalEventListenerProcessor'
2022-10-10 23:09:19.066 DEBUG 26488 --- [    Test worker] o.s.b.f.s.DefaultListableBeanFactory     : Creating shared instance of singleton bean 'org.springframework.boot.context.properties.ConfigurationBeanFactoryMetadata'
2022-10-10 23:09:19.066 DEBUG 26488 --- [    Test worker] o.s.b.f.s.DefaultListableBeanFactory     : Creating shared instance of singleton bean 'preserveErrorControllerTargetClassPostProcessor'
2022-10-10 23:09:19.072 DEBUG 26488 --- [    Test worker] o.s.b.f.s.DefaultListableBeanFactory     : Creating shared instance of singleton bean 'org.springframework.context.event.internalEventListenerFactory'
2022-10-10 23:09:19.075 DEBUG 26488 --- [    Test worker] o.s.b.f.s.DefaultListableBeanFactory     : Creating shared instance of singleton bean 'org.springframework.transaction.config.internalTransactionalEventListenerFactory'
2022-10-10 23:09:19.082 DEBUG 26488 --- [    Test worker] o.s.b.f.s.DefaultListableBeanFactory     : Creating shared instance of singleton bean 'org.springframework.context.annotation.internalAutowiredAnnotationProcessor'
2022-10-10 23:09:19.083 DEBUG 26488 --- [    Test worker] o.s.b.f.s.DefaultListableBeanFactory     : Creating shared instance of singleton bean 'org.springframework.context.annotation.internalCommonAnnotationProcessor'
2022-10-10 23:09:19.085 DEBUG 26488 --- [    Test worker] o.s.b.f.s.DefaultListableBeanFactory     : Creating shared instance of singleton bean 'org.springframework.context.annotation.internalPersistenceAnnotationProcessor'
2022-10-10 23:09:19.085 DEBUG 26488 --- [    Test worker] o.s.b.f.s.DefaultListableBeanFactory     : Creating shared instance of singleton bean 'org.springframework.boot.test.mock.mockito.MockitoPostProcessor$SpyPostProcessor'
2022-10-10 23:09:19.086 DEBUG 26488 --- [    Test worker] o.s.b.f.s.DefaultListableBeanFactory     : Creating shared instance of singleton bean 'org.springframework.boot.context.properties.ConfigurationPropertiesBindingPostProcessor'
2022-10-10 23:09:19.090 DEBUG 26488 --- [    Test worker] o.s.b.f.s.DefaultListableBeanFactory     : Creating shared instance of singleton bean 'methodValidationPostProcessor'
2022-10-10 23:09:19.151 DEBUG 26488 --- [    Test worker] o.s.b.f.s.DefaultListableBeanFactory     : Autowiring by type from bean name 'methodValidationPostProcessor' via factory method to bean named 'environment'
2022-10-10 23:09:19.178 DEBUG 26488 --- [    Test worker] o.s.b.f.s.DefaultListableBeanFactory     : Creating shared instance of singleton bean 'org.springframework.aop.config.internalAutoProxyCreator'
2022-10-10 23:09:19.213 DEBUG 26488 --- [    Test worker] o.s.b.f.s.DefaultListableBeanFactory     : Creating shared instance of singleton bean 'dataSourceInitializerPostProcessor'
2022-10-10 23:09:19.221 DEBUG 26488 --- [    Test worker] o.s.b.f.s.DefaultListableBeanFactory     : Creating shared instance of singleton bean 'persistenceExceptionTranslationPostProcessor'
2022-10-10 23:09:19.224 DEBUG 26488 --- [    Test worker] o.s.b.f.s.DefaultListableBeanFactory     : Autowiring by type from bean name 'persistenceExceptionTranslationPostProcessor' via factory method to bean named 'environment'
2022-10-10 23:09:19.239 DEBUG 26488 --- [    Test worker] o.s.b.f.s.DefaultListableBeanFactory     : Creating shared instance of singleton bean 'webServerFactoryCustomizerBeanPostProcessor'
2022-10-10 23:09:19.244 DEBUG 26488 --- [    Test worker] o.s.b.f.s.DefaultListableBeanFactory     : Creating shared instance of singleton bean 'errorPageRegistrarBeanPostProcessor'
2022-10-10 23:09:19.251 DEBUG 26488 --- [    Test worker] o.s.b.f.s.DefaultListableBeanFactory     : Creating shared instance of singleton bean 'dataSourceInitializedPublisher'
2022-10-10 23:09:19.255 DEBUG 26488 --- [    Test worker] o.s.b.f.s.DefaultListableBeanFactory     : Creating shared instance of singleton bean 'projectingArgumentResolverBeanPostProcessor'
2022-10-10 23:09:19.257 DEBUG 26488 --- [    Test worker] o.s.b.f.s.DefaultListableBeanFactory     : Creating shared instance of singleton bean 'org.springframework.transaction.config.internalTransactionAdvisor'
2022-10-10 23:09:19.258 DEBUG 26488 --- [    Test worker] o.s.b.f.s.DefaultListableBeanFactory     : Creating shared instance of singleton bean 'org.springframework.transaction.annotation.ProxyTransactionManagementConfiguration'
2022-10-10 23:09:19.293  INFO 26488 --- [    Test worker] trationDelegate$BeanPostProcessorChecker : Bean 'org.springframework.transaction.annotation.ProxyTransactionManagementConfiguration' of type [org.springframework.transaction.annotation.ProxyTransactionManagementConfiguration$$EnhancerBySpringCGLIB$$ca352d02] is not eligible for getting processed by all BeanPostProcessors (for example: not eligible for auto-proxying)
2022-10-10 23:09:19.317 DEBUG 26488 --- [    Test worker] o.s.b.f.s.DefaultListableBeanFactory     : Creating shared instance of singleton bean 'transactionAttributeSource'
2022-10-10 23:09:19.334 DEBUG 26488 --- [    Test worker] o.s.b.f.s.DefaultListableBeanFactory     : Creating shared instance of singleton bean 'transactionInterceptor'
2022-10-10 23:09:19.375 DEBUG 26488 --- [    Test worker] o.s.u.c.s.UiApplicationContextUtils      : Unable to locate ThemeSource with name 'themeSource': using default [org.springframework.ui.context.support.ResourceBundleThemeSource@c6e0f32]
2022-10-10 23:09:19.378 DEBUG 26488 --- [    Test worker] o.s.b.f.s.DefaultListableBeanFactory     : Creating shared instance of singleton bean 'tomcatServletWebServerFactory'
2022-10-10 23:09:19.378 DEBUG 26488 --- [    Test worker] o.s.b.f.s.DefaultListableBeanFactory     : Creating shared instance of singleton bean 'org.springframework.boot.autoconfigure.web.servlet.ServletWebServerFactoryConfiguration$EmbeddedTomcat'
2022-10-10 23:09:19.447 DEBUG 26488 --- [    Test worker] o.s.b.f.s.DefaultListableBeanFactory     : Creating shared instance of singleton bean 'websocketServletWebServerCustomizer'
2022-10-10 23:09:19.448 DEBUG 26488 --- [    Test worker] o.s.b.f.s.DefaultListableBeanFactory     : Creating shared instance of singleton bean 'org.springframework.boot.autoconfigure.websocket.servlet.WebSocketServletAutoConfiguration$TomcatWebSocketConfiguration'
2022-10-10 23:09:19.467 DEBUG 26488 --- [    Test worker] o.s.b.f.s.DefaultListableBeanFactory     : Creating shared instance of singleton bean 'servletWebServerFactoryCustomizer'
2022-10-10 23:09:19.470 DEBUG 26488 --- [    Test worker] o.s.b.f.s.DefaultListableBeanFactory     : Creating shared instance of singleton bean 'org.springframework.boot.autoconfigure.web.servlet.ServletWebServerFactoryAutoConfiguration'
2022-10-10 23:09:19.489 DEBUG 26488 --- [    Test worker] o.s.b.f.s.DefaultListableBeanFactory     : Creating shared instance of singleton bean 'server-org.springframework.boot.autoconfigure.web.ServerProperties'
2022-10-10 23:09:19.537 DEBUG 26488 --- [    Test worker] o.s.b.f.s.DefaultListableBeanFactory     : Autowiring by type from bean name 'servletWebServerFactoryCustomizer' via factory method to bean named 'server-org.springframework.boot.autoconfigure.web.ServerProperties'
2022-10-10 23:09:19.549 DEBUG 26488 --- [    Test worker] o.s.b.f.s.DefaultListableBeanFactory     : Creating shared instance of singleton bean 'tomcatServletWebServerFactoryCustomizer'
2022-10-10 23:09:19.551 DEBUG 26488 --- [    Test worker] o.s.b.f.s.DefaultListableBeanFactory     : Autowiring by type from bean name 'tomcatServletWebServerFactoryCustomizer' via factory method to bean named 'server-org.springframework.boot.autoconfigure.web.ServerProperties'
2022-10-10 23:09:19.554 DEBUG 26488 --- [    Test worker] o.s.b.f.s.DefaultListableBeanFactory     : Creating shared instance of singleton bean 'tomcatWebServerFactoryCustomizer'
2022-10-10 23:09:19.555 DEBUG 26488 --- [    Test worker] o.s.b.f.s.DefaultListableBeanFactory     : Creating shared instance of singleton bean 'org.springframework.boot.autoconfigure.web.embedded.EmbeddedWebServerFactoryCustomizerAutoConfiguration$TomcatWebServerFactoryCustomizerConfiguration'
2022-10-10 23:09:19.564 DEBUG 26488 --- [    Test worker] o.s.b.f.s.DefaultListableBeanFactory     : Autowiring by type from bean name 'tomcatWebServerFactoryCustomizer' via factory method to bean named 'environment'
2022-10-10 23:09:19.565 DEBUG 26488 --- [    Test worker] o.s.b.f.s.DefaultListableBeanFactory     : Autowiring by type from bean name 'tomcatWebServerFactoryCustomizer' via factory method to bean named 'server-org.springframework.boot.autoconfigure.web.ServerProperties'
2022-10-10 23:09:19.575 DEBUG 26488 --- [    Test worker] o.s.b.f.s.DefaultListableBeanFactory     : Creating shared instance of singleton bean 'localeCharsetMappingsCustomizer'
2022-10-10 23:09:19.576 DEBUG 26488 --- [    Test worker] o.s.b.f.s.DefaultListableBeanFactory     : Creating shared instance of singleton bean 'org.springframework.boot.autoconfigure.web.servlet.HttpEncodingAutoConfiguration'
2022-10-10 23:09:19.577 DEBUG 26488 --- [    Test worker] ocalVariableTableParameterNameDiscoverer : Cannot find '.class' file for class [class org.springframework.boot.autoconfigure.web.servlet.HttpEncodingAutoConfiguration$$EnhancerBySpringCGLIB$$9d89e3a4] - unable to determine constructor/method parameter names
2022-10-10 23:09:19.578 DEBUG 26488 --- [    Test worker] o.s.b.f.s.DefaultListableBeanFactory     : Creating shared instance of singleton bean 'spring.http-org.springframework.boot.autoconfigure.http.HttpProperties'
2022-10-10 23:09:19.585 DEBUG 26488 --- [    Test worker] o.s.b.f.s.DefaultListableBeanFactory     : Autowiring by type from bean name 'org.springframework.boot.autoconfigure.web.servlet.HttpEncodingAutoConfiguration' via constructor to bean named 'spring.http-org.springframework.boot.autoconfigure.http.HttpProperties'
2022-10-10 23:09:19.624 DEBUG 26488 --- [    Test worker] o.s.b.f.s.DefaultListableBeanFactory     : Creating shared instance of singleton bean 'errorPageCustomizer'
2022-10-10 23:09:19.625 DEBUG 26488 --- [    Test worker] o.s.b.f.s.DefaultListableBeanFactory     : Creating shared instance of singleton bean 'org.springframework.boot.autoconfigure.web.servlet.error.ErrorMvcAutoConfiguration'
2022-10-10 23:09:19.625 DEBUG 26488 --- [    Test worker] ocalVariableTableParameterNameDiscoverer : Cannot find '.class' file for class [class org.springframework.boot.autoconfigure.web.servlet.error.ErrorMvcAutoConfiguration$$EnhancerBySpringCGLIB$$f5e13287] - unable to determine constructor/method parameter names
2022-10-10 23:09:19.626 DEBUG 26488 --- [    Test worker] o.s.b.f.s.DefaultListableBeanFactory     : Creating shared instance of singleton bean 'dispatcherServletRegistration'
2022-10-10 23:09:19.626 DEBUG 26488 --- [    Test worker] o.s.b.f.s.DefaultListableBeanFactory     : Creating shared instance of singleton bean 'org.springframework.boot.autoconfigure.web.servlet.DispatcherServletAutoConfiguration$DispatcherServletRegistrationConfiguration'
2022-10-10 23:09:19.627 DEBUG 26488 --- [    Test worker] ocalVariableTableParameterNameDiscoverer : Cannot find '.class' file for class [class org.springframework.boot.autoconfigure.web.servlet.DispatcherServletAutoConfiguration$DispatcherServletRegistrationConfiguration$$EnhancerBySpringCGLIB$$7c3c5172] - unable to determine constructor/method parameter names
2022-10-10 23:09:19.627 DEBUG 26488 --- [    Test worker] o.s.b.f.s.DefaultListableBeanFactory     : Creating shared instance of singleton bean 'spring.mvc-org.springframework.boot.autoconfigure.web.servlet.WebMvcProperties'
2022-10-10 23:09:19.631 DEBUG 26488 --- [    Test worker] o.s.b.f.s.DefaultListableBeanFactory     : Autowiring by type from bean name 'org.springframework.boot.autoconfigure.web.servlet.DispatcherServletAutoConfiguration$DispatcherServletRegistrationConfiguration' via constructor to bean named 'spring.mvc-org.springframework.boot.autoconfigure.web.servlet.WebMvcProperties'
2022-10-10 23:09:19.632 DEBUG 26488 --- [    Test worker] o.s.b.f.s.DefaultListableBeanFactory     : Creating shared instance of singleton bean 'multipartConfigElement'
2022-10-10 23:09:19.633 DEBUG 26488 --- [    Test worker] o.s.b.f.s.DefaultListableBeanFactory     : Creating shared instance of singleton bean 'org.springframework.boot.autoconfigure.web.servlet.MultipartAutoConfiguration'
2022-10-10 23:09:19.633 DEBUG 26488 --- [    Test worker] ocalVariableTableParameterNameDiscoverer : Cannot find '.class' file for class [class org.springframework.boot.autoconfigure.web.servlet.MultipartAutoConfiguration$$EnhancerBySpringCGLIB$$c7a6bb1] - unable to determine constructor/method parameter names
2022-10-10 23:09:19.633 DEBUG 26488 --- [    Test worker] o.s.b.f.s.DefaultListableBeanFactory     : Creating shared instance of singleton bean 'spring.servlet.multipart-org.springframework.boot.autoconfigure.web.servlet.MultipartProperties'
2022-10-10 23:09:19.640 DEBUG 26488 --- [    Test worker] o.s.b.f.s.DefaultListableBeanFactory     : Autowiring by type from bean name 'org.springframework.boot.autoconfigure.web.servlet.MultipartAutoConfiguration' via constructor to bean named 'spring.servlet.multipart-org.springframework.boot.autoconfigure.web.servlet.MultipartProperties'
2022-10-10 23:09:19.660 DEBUG 26488 --- [    Test worker] o.s.b.f.s.DefaultListableBeanFactory     : Creating shared instance of singleton bean 'dispatcherServlet'
2022-10-10 23:09:19.660 DEBUG 26488 --- [    Test worker] o.s.b.f.s.DefaultListableBeanFactory     : Creating shared instance of singleton bean 'org.springframework.boot.autoconfigure.web.servlet.DispatcherServletAutoConfiguration$DispatcherServletConfiguration'
2022-10-10 23:09:19.661 DEBUG 26488 --- [    Test worker] ocalVariableTableParameterNameDiscoverer : Cannot find '.class' file for class [class org.springframework.boot.autoconfigure.web.servlet.DispatcherServletAutoConfiguration$DispatcherServletConfiguration$$EnhancerBySpringCGLIB$$1a34bccb] - unable to determine constructor/method parameter names
2022-10-10 23:09:19.662 DEBUG 26488 --- [    Test worker] o.s.b.f.s.DefaultListableBeanFactory     : Autowiring by type from bean name 'org.springframework.boot.autoconfigure.web.servlet.DispatcherServletAutoConfiguration$DispatcherServletConfiguration' via constructor to bean named 'spring.http-org.springframework.boot.autoconfigure.http.HttpProperties'
2022-10-10 23:09:19.662 DEBUG 26488 --- [    Test worker] o.s.b.f.s.DefaultListableBeanFactory     : Autowiring by type from bean name 'org.springframework.boot.autoconfigure.web.servlet.DispatcherServletAutoConfiguration$DispatcherServletConfiguration' via constructor to bean named 'spring.mvc-org.springframework.boot.autoconfigure.web.servlet.WebMvcProperties'
2022-10-10 23:09:19.710 DEBUG 26488 --- [    Test worker] o.s.b.f.s.DefaultListableBeanFactory     : Autowiring by type from bean name 'dispatcherServletRegistration' via factory method to bean named 'dispatcherServlet'
2022-10-10 23:09:19.750 DEBUG 26488 --- [    Test worker] o.s.b.f.s.DefaultListableBeanFactory     : Autowiring by type from bean name 'org.springframework.boot.autoconfigure.web.servlet.error.ErrorMvcAutoConfiguration' via constructor to bean named 'server-org.springframework.boot.autoconfigure.web.ServerProperties'
2022-10-10 23:09:19.751 DEBUG 26488 --- [    Test worker] o.s.b.f.s.DefaultListableBeanFactory     : Autowiring by type from bean name 'org.springframework.boot.autoconfigure.web.servlet.error.ErrorMvcAutoConfiguration' via constructor to bean named 'dispatcherServletRegistration'
2022-10-10 23:09:19.752 DEBUG 26488 --- [    Test worker] o.s.b.f.s.DefaultListableBeanFactory     : Creating shared instance of singleton bean 'conventionErrorViewResolver'
2022-10-10 23:09:19.753 DEBUG 26488 --- [    Test worker] o.s.b.f.s.DefaultListableBeanFactory     : Creating shared instance of singleton bean 'org.springframework.boot.autoconfigure.web.servlet.error.ErrorMvcAutoConfiguration$DefaultErrorViewResolverConfiguration'
2022-10-10 23:09:19.754 DEBUG 26488 --- [    Test worker] ocalVariableTableParameterNameDiscoverer : Cannot find '.class' file for class [class org.springframework.boot.autoconfigure.web.servlet.error.ErrorMvcAutoConfiguration$DefaultErrorViewResolverConfiguration$$EnhancerBySpringCGLIB$$a760727] - unable to determine constructor/method parameter names
2022-10-10 23:09:19.754 DEBUG 26488 --- [    Test worker] o.s.b.f.s.DefaultListableBeanFactory     : Creating shared instance of singleton bean 'spring.resources-org.springframework.boot.autoconfigure.web.ResourceProperties'
2022-10-10 23:09:19.762 DEBUG 26488 --- [    Test worker] o.s.b.f.s.DefaultListableBeanFactory     : Autowiring by type from bean name 'org.springframework.boot.autoconfigure.web.servlet.error.ErrorMvcAutoConfiguration$DefaultErrorViewResolverConfiguration' via constructor to bean named 'org.springframework.boot.web.servlet.context.AnnotationConfigServletWebServerApplicationContext@21ba0741'
2022-10-10 23:09:19.762 DEBUG 26488 --- [    Test worker] o.s.b.f.s.DefaultListableBeanFactory     : Autowiring by type from bean name 'org.springframework.boot.autoconfigure.web.servlet.error.ErrorMvcAutoConfiguration$DefaultErrorViewResolverConfiguration' via constructor to bean named 'spring.resources-org.springframework.boot.autoconfigure.web.ResourceProperties'
2022-10-10 23:09:19.950 DEBUG 26488 --- [    Test worker] .s.b.w.e.t.TomcatServletWebServerFactory : Code archive: /Users/setia/.gradle/caches/modules-2/files-2.1/org.springframework.boot/spring-boot/2.1.7.RELEASE/1599a2ad1fc6d36dbfc2a7c0dd5dab3a0bb27c61/spring-boot-2.1.7.RELEASE.jar
2022-10-10 23:09:19.953 DEBUG 26488 --- [    Test worker] .s.b.w.e.t.TomcatServletWebServerFactory : Code archive: /Users/setia/.gradle/caches/modules-2/files-2.1/org.springframework.boot/spring-boot/2.1.7.RELEASE/1599a2ad1fc6d36dbfc2a7c0dd5dab3a0bb27c61/spring-boot-2.1.7.RELEASE.jar
2022-10-10 23:09:19.954 DEBUG 26488 --- [    Test worker] .s.b.w.e.t.TomcatServletWebServerFactory : None of the document roots [src/main/webapp, public, static] point to a directory and will be ignored.
2022-10-10 23:09:20.002  INFO 26488 --- [    Test worker] o.s.b.w.embedded.tomcat.TomcatWebServer  : Tomcat initialized with port(s): 0 (http)
2022-10-10 23:09:20.046  INFO 26488 --- [    Test worker] o.apache.catalina.core.StandardService   : Starting service [Tomcat]
2022-10-10 23:09:20.047  INFO 26488 --- [    Test worker] org.apache.catalina.core.StandardEngine  : Starting Servlet engine: [Apache Tomcat/9.0.22]
2022-10-10 23:09:20.172  INFO 26488 --- [    Test worker] o.a.c.c.C.[Tomcat].[localhost].[/]       : Initializing Spring embedded WebApplicationContext
2022-10-10 23:09:20.173 DEBUG 26488 --- [    Test worker] o.s.web.context.ContextLoader            : Published root WebApplicationContext as ServletContext attribute with name [org.springframework.web.context.WebApplicationContext.ROOT]
2022-10-10 23:09:20.173  INFO 26488 --- [    Test worker] o.s.web.context.ContextLoader            : Root WebApplicationContext: initialization completed in 2806 ms
2022-10-10 23:09:20.181 DEBUG 26488 --- [    Test worker] o.s.b.f.s.DefaultListableBeanFactory     : Creating shared instance of singleton bean 'requestContextFilter'
2022-10-10 23:09:20.232 DEBUG 26488 --- [    Test worker] o.s.b.f.s.DefaultListableBeanFactory     : Creating shared instance of singleton bean 'hiddenHttpMethodFilter'
2022-10-10 23:09:20.234 DEBUG 26488 --- [    Test worker] o.s.b.f.s.DefaultListableBeanFactory     : Creating shared instance of singleton bean 'org.springframework.boot.autoconfigure.web.servlet.WebMvcAutoConfiguration'
2022-10-10 23:09:20.274 DEBUG 26488 --- [    Test worker] o.s.b.f.s.DefaultListableBeanFactory     : Creating shared instance of singleton bean 'formContentFilter'
2022-10-10 23:09:20.294 DEBUG 26488 --- [    Test worker] o.s.b.f.s.DefaultListableBeanFactory     : Creating shared instance of singleton bean 'characterEncodingFilter'
2022-10-10 23:09:20.321 DEBUG 26488 --- [    Test worker] o.s.b.w.s.ServletContextInitializerBeans : Mapping filters: characterEncodingFilter urls=[/*], hiddenHttpMethodFilter urls=[/*], formContentFilter urls=[/*], requestContextFilter urls=[/*]
2022-10-10 23:09:20.322 DEBUG 26488 --- [    Test worker] o.s.b.w.s.ServletContextInitializerBeans : Mapping servlets: dispatcherServlet urls=[/]
2022-10-10 23:09:20.357 DEBUG 26488 --- [    Test worker] o.s.b.w.s.f.OrderedRequestContextFilter  : Filter 'requestContextFilter' configured for use
2022-10-10 23:09:20.357 DEBUG 26488 --- [    Test worker] .s.b.w.s.f.OrderedHiddenHttpMethodFilter : Filter 'hiddenHttpMethodFilter' configured for use
2022-10-10 23:09:20.358 DEBUG 26488 --- [    Test worker] s.b.w.s.f.OrderedCharacterEncodingFilter : Filter 'characterEncodingFilter' configured for use
2022-10-10 23:09:20.358 DEBUG 26488 --- [    Test worker] o.s.b.w.s.f.OrderedFormContentFilter     : Filter 'formContentFilter' configured for use
2022-10-10 23:09:20.371 DEBUG 26488 --- [    Test worker] o.s.b.f.s.DefaultListableBeanFactory     : Creating shared instance of singleton bean 'entityManagerFactory'
2022-10-10 23:09:20.372 DEBUG 26488 --- [    Test worker] o.s.b.f.s.DefaultListableBeanFactory     : Creating shared instance of singleton bean 'org.springframework.boot.autoconfigure.orm.jpa.HibernateJpaConfiguration'
2022-10-10 23:09:20.374 DEBUG 26488 --- [    Test worker] ocalVariableTableParameterNameDiscoverer : Cannot find '.class' file for class [class org.springframework.boot.autoconfigure.orm.jpa.HibernateJpaConfiguration$$EnhancerBySpringCGLIB$$e90bef71] - unable to determine constructor/method parameter names
2022-10-10 23:09:20.376 DEBUG 26488 --- [    Test worker] o.s.b.f.s.DefaultListableBeanFactory     : Creating shared instance of singleton bean 'dataSource'
2022-10-10 23:09:20.376 DEBUG 26488 --- [    Test worker] o.s.b.f.s.DefaultListableBeanFactory     : Creating shared instance of singleton bean 'org.springframework.boot.autoconfigure.jdbc.DataSourceConfiguration$Hikari'
2022-10-10 23:09:20.381 DEBUG 26488 --- [    Test worker] o.s.b.f.s.DefaultListableBeanFactory     : Creating shared instance of singleton bean 'spring.datasource-org.springframework.boot.autoconfigure.jdbc.DataSourceProperties'
2022-10-10 23:09:20.394 DEBUG 26488 --- [    Test worker] o.s.b.f.s.DefaultListableBeanFactory     : Autowiring by type from bean name 'dataSource' via factory method to bean named 'spring.datasource-org.springframework.boot.autoconfigure.jdbc.DataSourceProperties'
2022-10-10 23:09:20.476 DEBUG 26488 --- [    Test worker] o.s.b.f.s.DefaultListableBeanFactory     : Creating shared instance of singleton bean 'org.springframework.boot.autoconfigure.jdbc.DataSourceInitializerInvoker'
2022-10-10 23:09:20.482 DEBUG 26488 --- [    Test worker] o.s.b.f.s.DefaultListableBeanFactory     : Autowiring by type from bean name 'org.springframework.boot.autoconfigure.jdbc.DataSourceInitializerInvoker' via constructor to bean named 'spring.datasource-org.springframework.boot.autoconfigure.jdbc.DataSourceProperties'
2022-10-10 23:09:20.483 DEBUG 26488 --- [    Test worker] o.s.b.f.s.DefaultListableBeanFactory     : Autowiring by type from bean name 'org.springframework.boot.autoconfigure.jdbc.DataSourceInitializerInvoker' via constructor to bean named 'org.springframework.boot.web.servlet.context.AnnotationConfigServletWebServerApplicationContext@21ba0741'
2022-10-10 23:09:20.518 DEBUG 26488 --- [    Test worker] o.s.b.f.s.DefaultListableBeanFactory     : Creating shared instance of singleton bean 'spring.jpa-org.springframework.boot.autoconfigure.orm.jpa.JpaProperties'
2022-10-10 23:09:20.551 DEBUG 26488 --- [    Test worker] o.s.b.f.s.DefaultListableBeanFactory     : Creating shared instance of singleton bean 'spring.jpa.hibernate-org.springframework.boot.autoconfigure.orm.jpa.HibernateProperties'
2022-10-10 23:09:20.557 DEBUG 26488 --- [    Test worker] o.s.b.f.s.DefaultListableBeanFactory     : Autowiring by type from bean name 'org.springframework.boot.autoconfigure.orm.jpa.HibernateJpaConfiguration' via constructor to bean named 'dataSource'
2022-10-10 23:09:20.557 DEBUG 26488 --- [    Test worker] o.s.b.f.s.DefaultListableBeanFactory     : Autowiring by type from bean name 'org.springframework.boot.autoconfigure.orm.jpa.HibernateJpaConfiguration' via constructor to bean named 'spring.jpa-org.springframework.boot.autoconfigure.orm.jpa.JpaProperties'
2022-10-10 23:09:20.557 DEBUG 26488 --- [    Test worker] o.s.b.f.s.DefaultListableBeanFactory     : Autowiring by type from bean name 'org.springframework.boot.autoconfigure.orm.jpa.HibernateJpaConfiguration' via constructor to bean named 'org.springframework.beans.factory.support.DefaultListableBeanFactory@40844aab'
2022-10-10 23:09:20.557 DEBUG 26488 --- [    Test worker] o.s.b.f.s.DefaultListableBeanFactory     : Autowiring by type from bean name 'org.springframework.boot.autoconfigure.orm.jpa.HibernateJpaConfiguration' via constructor to bean named 'spring.jpa.hibernate-org.springframework.boot.autoconfigure.orm.jpa.HibernateProperties'
2022-10-10 23:09:20.561 DEBUG 26488 --- [    Test worker] o.s.b.f.s.DefaultListableBeanFactory     : Creating shared instance of singleton bean 'platformTransactionManagerCustomizers'
2022-10-10 23:09:20.561 DEBUG 26488 --- [    Test worker] o.s.b.f.s.DefaultListableBeanFactory     : Creating shared instance of singleton bean 'org.springframework.boot.autoconfigure.transaction.TransactionAutoConfiguration'
2022-10-10 23:09:20.594 DEBUG 26488 --- [    Test worker] o.s.b.f.s.DefaultListableBeanFactory     : Creating shared instance of singleton bean 'spring.transaction-org.springframework.boot.autoconfigure.transaction.TransactionProperties'
2022-10-10 23:09:20.612 DEBUG 26488 --- [    Test worker] o.s.b.f.s.DefaultListableBeanFactory     : Creating shared instance of singleton bean 'hikariPoolDataSourceMetadataProvider'
2022-10-10 23:09:20.613 DEBUG 26488 --- [    Test worker] o.s.b.f.s.DefaultListableBeanFactory     : Creating shared instance of singleton bean 'org.springframework.boot.autoconfigure.jdbc.metadata.DataSourcePoolMetadataProvidersConfiguration$HikariPoolDataSourceMetadataProviderConfiguration'
2022-10-10 23:09:20.652 DEBUG 26488 --- [    Test worker] o.s.b.f.s.DefaultListableBeanFactory     : Creating shared instance of singleton bean 'entityManagerFactoryBuilder'
2022-10-10 23:09:20.653 DEBUG 26488 --- [    Test worker] o.s.b.f.s.DefaultListableBeanFactory     : Creating shared instance of singleton bean 'jpaVendorAdapter'
2022-10-10 23:09:20.675 DEBUG 26488 --- [    Test worker] o.s.jdbc.datasource.DataSourceUtils      : Fetching JDBC Connection from DataSource
2022-10-10 23:09:20.676  INFO 26488 --- [    Test worker] com.zaxxer.hikari.HikariDataSource       : HikariPool-1 - Starting...
2022-10-10 23:09:20.848  INFO 26488 --- [    Test worker] com.zaxxer.hikari.HikariDataSource       : HikariPool-1 - Start completed.
2022-10-10 23:09:20.905 DEBUG 26488 --- [    Test worker] o.s.b.f.s.DefaultListableBeanFactory     : Autowiring by type from bean name 'entityManagerFactoryBuilder' via factory method to bean named 'jpaVendorAdapter'
2022-10-10 23:09:20.947 DEBUG 26488 --- [    Test worker] o.s.b.f.s.DefaultListableBeanFactory     : Autowiring by type from bean name 'entityManagerFactory' via factory method to bean named 'entityManagerFactoryBuilder'
2022-10-10 23:09:20.975 DEBUG 26488 --- [    Test worker] o.s.jdbc.datasource.DataSourceUtils      : Fetching JDBC Connection from DataSource
2022-10-10 23:09:21.099 DEBUG 26488 --- [    Test worker] j.LocalContainerEntityManagerFactoryBean : Building JPA container EntityManagerFactory for persistence unit 'default'
2022-10-10 23:09:21.133  INFO 26488 --- [    Test worker] o.hibernate.jpa.internal.util.LogHelper  : HHH000204: Processing PersistenceUnitInfo [
	name: default
	...]
2022-10-10 23:09:21.191  INFO 26488 --- [    Test worker] org.hibernate.Version                    : HHH000412: Hibernate Core {5.3.10.Final}
2022-10-10 23:09:21.195  INFO 26488 --- [    Test worker] org.hibernate.cfg.Environment            : HHH000206: hibernate.properties not found
2022-10-10 23:09:21.336  INFO 26488 --- [    Test worker] o.hibernate.annotations.common.Version   : HCANN000001: Hibernate Commons Annotations {5.0.4.Final}
2022-10-10 23:09:21.449  INFO 26488 --- [    Test worker] org.hibernate.dialect.Dialect            : HHH000400: Using dialect: org.hibernate.dialect.MySQL5InnoDBDialect
Hibernate: drop table if exists posts
Hibernate: create table posts (id bigint not null auto_increment, author varchar(255), content TEXT not null, title varchar(500) not null, primary key (id)) engine=InnoDB
2022-10-10 23:09:21.966  INFO 26488 --- [    Test worker] o.h.t.schema.internal.SchemaCreatorImpl  : HHH000476: Executing import script 'org.hibernate.tool.schema.internal.exec.ScriptSourceInputNonExistentImpl@ddffa6c'
2022-10-10 23:09:21.971  INFO 26488 --- [    Test worker] j.LocalContainerEntityManagerFactoryBean : Initialized JPA EntityManagerFactory for persistence unit 'default'
2022-10-10 23:09:21.985 DEBUG 26488 --- [    Test worker] o.s.jdbc.datasource.DataSourceUtils      : Fetching JDBC Connection from DataSource
2022-10-10 23:09:21.999 DEBUG 26488 --- [    Test worker] o.s.b.f.s.DefaultListableBeanFactory     : Creating shared instance of singleton bean 'application'
2022-10-10 23:09:22.017 DEBUG 26488 --- [    Test worker] o.s.b.f.s.DefaultListableBeanFactory     : Creating shared instance of singleton bean 'postsService'
2022-10-10 23:09:22.026 DEBUG 26488 --- [    Test worker] o.s.b.f.s.DefaultListableBeanFactory     : Creating shared instance of singleton bean 'postsRepository'
2022-10-10 23:09:22.202 DEBUG 26488 --- [    Test worker] o.s.b.f.s.DefaultListableBeanFactory     : Creating shared instance of singleton bean 'jpaMappingContext'
2022-10-10 23:09:22.212 DEBUG 26488 --- [    Test worker] .c.JpaMetamodelMappingContextFactoryBean : Initializing JpaMetamodelMappingContext…
2022-10-10 23:09:22.231 DEBUG 26488 --- [    Test worker] .c.JpaMetamodelMappingContextFactoryBean : Finished initializing JpaMetamodelMappingContext!
2022-10-10 23:09:22.247 DEBUG 26488 --- [    Test worker] tor$SharedEntityManagerInvocationHandler : Creating new EntityManager for shared EntityManager invocation
2022-10-10 23:09:22.300 DEBUG 26488 --- [    Test worker] tor$SharedEntityManagerInvocationHandler : Creating new EntityManager for shared EntityManager invocation
2022-10-10 23:09:22.377 DEBUG 26488 --- [    Test worker] o.s.d.r.c.s.RepositoryFactorySupport     : Initializing repository instance for com.awsProject.springboot.domain.posts.PostsRepository…
2022-10-10 23:09:22.392 DEBUG 26488 --- [    Test worker] tor$SharedEntityManagerInvocationHandler : Creating new EntityManager for shared EntityManager invocation
2022-10-10 23:09:22.434 DEBUG 26488 --- [    Test worker] tor$SharedEntityManagerInvocationHandler : Creating new EntityManager for shared EntityManager invocation
2022-10-10 23:09:22.449 DEBUG 26488 --- [    Test worker] o.s.d.r.c.s.RepositoryFactorySupport     : Finished creation of repository instance for com.awsProject.springboot.domain.posts.PostsRepository.
2022-10-10 23:09:22.462 DEBUG 26488 --- [    Test worker] o.s.b.f.s.DefaultListableBeanFactory     : Autowiring by type from bean name 'postsService' via constructor to bean named 'postsRepository'
2022-10-10 23:09:22.546 DEBUG 26488 --- [    Test worker] o.s.b.f.s.DefaultListableBeanFactory     : Creating shared instance of singleton bean 'helloController'
2022-10-10 23:09:22.552 DEBUG 26488 --- [    Test worker] o.s.b.f.s.DefaultListableBeanFactory     : Creating shared instance of singleton bean 'postsApiController'
2022-10-10 23:09:22.562 DEBUG 26488 --- [    Test worker] o.s.b.f.s.DefaultListableBeanFactory     : Autowiring by type from bean name 'postsApiController' via constructor to bean named 'postsService'
2022-10-10 23:09:22.564 DEBUG 26488 --- [    Test worker] o.s.b.f.s.DefaultListableBeanFactory     : Creating shared instance of singleton bean 'org.springframework.boot.autoconfigure.context.PropertyPlaceholderAutoConfiguration'
2022-10-10 23:09:22.576 DEBUG 26488 --- [    Test worker] o.s.b.f.s.DefaultListableBeanFactory     : Creating shared instance of singleton bean 'org.springframework.boot.autoconfigure.websocket.servlet.WebSocketServletAutoConfiguration'
2022-10-10 23:09:22.579 DEBUG 26488 --- [    Test worker] o.s.b.f.s.DefaultListableBeanFactory     : Creating shared instance of singleton bean 'org.springframework.boot.autoconfigure.web.servlet.DispatcherServletAutoConfiguration'
2022-10-10 23:09:22.582 DEBUG 26488 --- [    Test worker] o.s.b.f.s.DefaultListableBeanFactory     : Creating shared instance of singleton bean 'org.springframework.boot.autoconfigure.task.TaskExecutionAutoConfiguration'
2022-10-10 23:09:22.583 DEBUG 26488 --- [    Test worker] ocalVariableTableParameterNameDiscoverer : Cannot find '.class' file for class [class org.springframework.boot.autoconfigure.task.TaskExecutionAutoConfiguration$$EnhancerBySpringCGLIB$$55d4c5d8] - unable to determine constructor/method parameter names
2022-10-10 23:09:22.587 DEBUG 26488 --- [    Test worker] o.s.b.f.s.DefaultListableBeanFactory     : Creating shared instance of singleton bean 'spring.task.execution-org.springframework.boot.autoconfigure.task.TaskExecutionProperties'
2022-10-10 23:09:22.595 DEBUG 26488 --- [    Test worker] o.s.b.f.s.DefaultListableBeanFactory     : Autowiring by type from bean name 'org.springframework.boot.autoconfigure.task.TaskExecutionAutoConfiguration' via constructor to bean named 'spring.task.execution-org.springframework.boot.autoconfigure.task.TaskExecutionProperties'
2022-10-10 23:09:22.598 DEBUG 26488 --- [    Test worker] o.s.b.f.s.DefaultListableBeanFactory     : Creating shared instance of singleton bean 'taskExecutorBuilder'
2022-10-10 23:09:22.612 DEBUG 26488 --- [    Test worker] o.s.b.f.s.DefaultListableBeanFactory     : Creating shared instance of singleton bean 'org.springframework.boot.autoconfigure.validation.ValidationAutoConfiguration'
2022-10-10 23:09:22.618 DEBUG 26488 --- [    Test worker] o.s.b.f.s.DefaultListableBeanFactory     : Creating shared instance of singleton bean 'defaultValidator'
2022-10-10 23:09:22.650 DEBUG 26488 --- [    Test worker] o.s.b.f.s.DefaultListableBeanFactory     : Creating shared instance of singleton bean 'org.springframework.boot.autoconfigure.web.servlet.error.ErrorMvcAutoConfiguration$WhitelabelErrorViewConfiguration'
2022-10-10 23:09:22.658 DEBUG 26488 --- [    Test worker] o.s.b.f.s.DefaultListableBeanFactory     : Creating shared instance of singleton bean 'error'
2022-10-10 23:09:22.669 DEBUG 26488 --- [    Test worker] o.s.b.f.s.DefaultListableBeanFactory     : Creating shared instance of singleton bean 'beanNameViewResolver'
2022-10-10 23:09:22.680 DEBUG 26488 --- [    Test worker] o.s.b.f.s.DefaultListableBeanFactory     : Creating shared instance of singleton bean 'errorAttributes'
2022-10-10 23:09:22.684 DEBUG 26488 --- [    Test worker] o.s.b.f.s.DefaultListableBeanFactory     : Creating shared instance of singleton bean 'basicErrorController'
2022-10-10 23:09:22.691 DEBUG 26488 --- [    Test worker] o.s.b.f.s.DefaultListableBeanFactory     : Autowiring by type from bean name 'basicErrorController' via factory method to bean named 'errorAttributes'
2022-10-10 23:09:22.702 DEBUG 26488 --- [    Test worker] o.s.b.f.s.DefaultListableBeanFactory     : Creating shared instance of singleton bean 'org.springframework.boot.autoconfigure.web.servlet.WebMvcAutoConfiguration$WebMvcAutoConfigurationAdapter$FaviconConfiguration'
2022-10-10 23:09:22.702 DEBUG 26488 --- [    Test worker] ocalVariableTableParameterNameDiscoverer : Cannot find '.class' file for class [class org.springframework.boot.autoconfigure.web.servlet.WebMvcAutoConfiguration$WebMvcAutoConfigurationAdapter$FaviconConfiguration$$EnhancerBySpringCGLIB$$936350ad] - unable to determine constructor/method parameter names
2022-10-10 23:09:22.705 DEBUG 26488 --- [    Test worker] o.s.b.f.s.DefaultListableBeanFactory     : Autowiring by type from bean name 'org.springframework.boot.autoconfigure.web.servlet.WebMvcAutoConfiguration$WebMvcAutoConfigurationAdapter$FaviconConfiguration' via constructor to bean named 'spring.resources-org.springframework.boot.autoconfigure.web.ResourceProperties'
2022-10-10 23:09:22.709 DEBUG 26488 --- [    Test worker] o.s.b.f.s.DefaultListableBeanFactory     : Creating shared instance of singleton bean 'faviconHandlerMapping'
2022-10-10 23:09:22.723 DEBUG 26488 --- [    Test worker] o.s.b.f.s.DefaultListableBeanFactory     : Creating shared instance of singleton bean 'faviconRequestHandler'
2022-10-10 23:09:22.762 DEBUG 26488 --- [    Test worker] o.s.w.s.handler.SimpleUrlHandlerMapping  : Patterns [/**/favicon.ico] in 'faviconHandlerMapping'
2022-10-10 23:09:22.764 DEBUG 26488 --- [    Test worker] o.s.b.f.s.DefaultListableBeanFactory     : Creating shared instance of singleton bean 'org.springframework.boot.autoconfigure.web.servlet.WebMvcAutoConfiguration$EnableWebMvcConfiguration'
2022-10-10 23:09:22.767 DEBUG 26488 --- [    Test worker] ocalVariableTableParameterNameDiscoverer : Cannot find '.class' file for class [class org.springframework.boot.autoconfigure.web.servlet.WebMvcAutoConfiguration$EnableWebMvcConfiguration$$EnhancerBySpringCGLIB$$35227d82] - unable to determine constructor/method parameter names
2022-10-10 23:09:22.774 DEBUG 26488 --- [    Test worker] o.s.b.f.s.DefaultListableBeanFactory     : Autowiring by type from bean name 'org.springframework.boot.autoconfigure.web.servlet.WebMvcAutoConfiguration$EnableWebMvcConfiguration' via constructor to bean named 'spring.resources-org.springframework.boot.autoconfigure.web.ResourceProperties'
2022-10-10 23:09:22.774 DEBUG 26488 --- [    Test worker] o.s.b.f.s.DefaultListableBeanFactory     : Autowiring by type from bean name 'org.springframework.boot.autoconfigure.web.servlet.WebMvcAutoConfiguration$EnableWebMvcConfiguration' via constructor to bean named 'org.springframework.beans.factory.support.DefaultListableBeanFactory@40844aab'
2022-10-10 23:09:22.787 DEBUG 26488 --- [    Test worker] o.s.b.f.s.DefaultListableBeanFactory     : Creating shared instance of singleton bean 'org.springframework.boot.autoconfigure.web.servlet.WebMvcAutoConfiguration$WebMvcAutoConfigurationAdapter'
2022-10-10 23:09:22.788 DEBUG 26488 --- [    Test worker] ocalVariableTableParameterNameDiscoverer : Cannot find '.class' file for class [class org.springframework.boot.autoconfigure.web.servlet.WebMvcAutoConfiguration$WebMvcAutoConfigurationAdapter$$EnhancerBySpringCGLIB$$d7264867] - unable to determine constructor/method parameter names
2022-10-10 23:09:22.788 DEBUG 26488 --- [    Test worker] o.s.b.f.s.DefaultListableBeanFactory     : Autowiring by type from bean name 'org.springframework.boot.autoconfigure.web.servlet.WebMvcAutoConfiguration$WebMvcAutoConfigurationAdapter' via constructor to bean named 'spring.resources-org.springframework.boot.autoconfigure.web.ResourceProperties'
2022-10-10 23:09:22.788 DEBUG 26488 --- [    Test worker] o.s.b.f.s.DefaultListableBeanFactory     : Autowiring by type from bean name 'org.springframework.boot.autoconfigure.web.servlet.WebMvcAutoConfiguration$WebMvcAutoConfigurationAdapter' via constructor to bean named 'spring.mvc-org.springframework.boot.autoconfigure.web.servlet.WebMvcProperties'
2022-10-10 23:09:22.789 DEBUG 26488 --- [    Test worker] o.s.b.f.s.DefaultListableBeanFactory     : Autowiring by type from bean name 'org.springframework.boot.autoconfigure.web.servlet.WebMvcAutoConfiguration$WebMvcAutoConfigurationAdapter' via constructor to bean named 'org.springframework.beans.factory.support.DefaultListableBeanFactory@40844aab'
2022-10-10 23:09:22.796 DEBUG 26488 --- [    Test worker] o.s.b.f.s.DefaultListableBeanFactory     : Creating shared instance of singleton bean 'org.springframework.boot.autoconfigure.orm.jpa.JpaBaseConfiguration$JpaWebConfiguration$JpaWebMvcConfiguration'
2022-10-10 23:09:22.796 DEBUG 26488 --- [    Test worker] ocalVariableTableParameterNameDiscoverer : Cannot find '.class' file for class [class org.springframework.boot.autoconfigure.orm.jpa.JpaBaseConfiguration$JpaWebConfiguration$JpaWebMvcConfiguration$$EnhancerBySpringCGLIB$$137039fa] - unable to determine constructor/method parameter names
2022-10-10 23:09:22.797 DEBUG 26488 --- [    Test worker] o.s.b.f.s.DefaultListableBeanFactory     : Autowiring by type from bean name 'org.springframework.boot.autoconfigure.orm.jpa.JpaBaseConfiguration$JpaWebConfiguration$JpaWebMvcConfiguration' via constructor to bean named 'spring.jpa-org.springframework.boot.autoconfigure.orm.jpa.JpaProperties'
2022-10-10 23:09:22.802 DEBUG 26488 --- [    Test worker] o.s.b.f.s.DefaultListableBeanFactory     : Creating shared instance of singleton bean 'org.springframework.data.web.config.SpringDataWebConfiguration'
2022-10-10 23:09:22.803 DEBUG 26488 --- [    Test worker] ocalVariableTableParameterNameDiscoverer : Cannot find '.class' file for class [class org.springframework.data.web.config.SpringDataWebConfiguration$$EnhancerBySpringCGLIB$$2b995b55] - unable to determine constructor/method parameter names
2022-10-10 23:09:22.804 DEBUG 26488 --- [    Test worker] o.s.b.f.s.DefaultListableBeanFactory     : Autowiring by type from bean name 'org.springframework.data.web.config.SpringDataWebConfiguration' via constructor to bean named 'org.springframework.boot.web.servlet.context.AnnotationConfigServletWebServerApplicationContext@21ba0741'
2022-10-10 23:09:22.814 DEBUG 26488 --- [    Test worker] o.s.b.f.s.DefaultListableBeanFactory     : Creating shared instance of singleton bean 'pageableCustomizer'
2022-10-10 23:09:22.815 DEBUG 26488 --- [    Test worker] o.s.b.f.s.DefaultListableBeanFactory     : Creating shared instance of singleton bean 'org.springframework.boot.autoconfigure.data.web.SpringDataWebAutoConfiguration'
2022-10-10 23:09:22.816 DEBUG 26488 --- [    Test worker] ocalVariableTableParameterNameDiscoverer : Cannot find '.class' file for class [class org.springframework.boot.autoconfigure.data.web.SpringDataWebAutoConfiguration$$EnhancerBySpringCGLIB$$b5cbe323] - unable to determine constructor/method parameter names
2022-10-10 23:09:22.817 DEBUG 26488 --- [    Test worker] o.s.b.f.s.DefaultListableBeanFactory     : Creating shared instance of singleton bean 'spring.data.web-org.springframework.boot.autoconfigure.data.web.SpringDataWebProperties'
2022-10-10 23:09:22.821 DEBUG 26488 --- [    Test worker] o.s.b.f.s.DefaultListableBeanFactory     : Autowiring by type from bean name 'org.springframework.boot.autoconfigure.data.web.SpringDataWebAutoConfiguration' via constructor to bean named 'spring.data.web-org.springframework.boot.autoconfigure.data.web.SpringDataWebProperties'
2022-10-10 23:09:22.841 DEBUG 26488 --- [    Test worker] o.s.b.f.s.DefaultListableBeanFactory     : Creating shared instance of singleton bean 'sortCustomizer'
2022-10-10 23:09:22.851 DEBUG 26488 --- [    Test worker] o.s.b.f.s.DefaultListableBeanFactory     : Creating shared instance of singleton bean 'requestMappingHandlerAdapter'
2022-10-10 23:09:22.864 DEBUG 26488 --- [    Test worker] o.s.b.f.s.DefaultListableBeanFactory     : Creating shared instance of singleton bean 'mvcContentNegotiationManager'
2022-10-10 23:09:22.872 DEBUG 26488 --- [    Test worker] o.s.b.f.s.DefaultListableBeanFactory     : Creating shared instance of singleton bean 'messageConverters'
2022-10-10 23:09:22.873 DEBUG 26488 --- [    Test worker] o.s.b.f.s.DefaultListableBeanFactory     : Creating shared instance of singleton bean 'org.springframework.boot.autoconfigure.http.HttpMessageConvertersAutoConfiguration'
2022-10-10 23:09:22.875 DEBUG 26488 --- [    Test worker] ocalVariableTableParameterNameDiscoverer : Cannot find '.class' file for class [class org.springframework.boot.autoconfigure.http.HttpMessageConvertersAutoConfiguration$$EnhancerBySpringCGLIB$$e468f896] - unable to determine constructor/method parameter names
2022-10-10 23:09:22.881 DEBUG 26488 --- [    Test worker] o.s.b.f.s.DefaultListableBeanFactory     : Creating shared instance of singleton bean 'stringHttpMessageConverter'
2022-10-10 23:09:22.882 DEBUG 26488 --- [    Test worker] o.s.b.f.s.DefaultListableBeanFactory     : Creating shared instance of singleton bean 'org.springframework.boot.autoconfigure.http.HttpMessageConvertersAutoConfiguration$StringHttpMessageConverterConfiguration'
2022-10-10 23:09:22.884 DEBUG 26488 --- [    Test worker] ocalVariableTableParameterNameDiscoverer : Cannot find '.class' file for class [class org.springframework.boot.autoconfigure.http.HttpMessageConvertersAutoConfiguration$StringHttpMessageConverterConfiguration$$EnhancerBySpringCGLIB$$1776bf36] - unable to determine constructor/method parameter names
2022-10-10 23:09:22.885 DEBUG 26488 --- [    Test worker] o.s.b.f.s.DefaultListableBeanFactory     : Autowiring by type from bean name 'org.springframework.boot.autoconfigure.http.HttpMessageConvertersAutoConfiguration$StringHttpMessageConverterConfiguration' via constructor to bean named 'spring.http-org.springframework.boot.autoconfigure.http.HttpProperties'
2022-10-10 23:09:22.904 DEBUG 26488 --- [    Test worker] o.s.b.f.s.DefaultListableBeanFactory     : Creating shared instance of singleton bean 'mappingJackson2HttpMessageConverter'
2022-10-10 23:09:22.909 DEBUG 26488 --- [    Test worker] o.s.b.f.s.DefaultListableBeanFactory     : Creating shared instance of singleton bean 'org.springframework.boot.autoconfigure.http.JacksonHttpMessageConvertersConfiguration$MappingJackson2HttpMessageConverterConfiguration'
2022-10-10 23:09:22.917 DEBUG 26488 --- [    Test worker] o.s.b.f.s.DefaultListableBeanFactory     : Creating shared instance of singleton bean 'jacksonObjectMapper'
2022-10-10 23:09:22.918 DEBUG 26488 --- [    Test worker] o.s.b.f.s.DefaultListableBeanFactory     : Creating shared instance of singleton bean 'org.springframework.boot.autoconfigure.jackson.JacksonAutoConfiguration$JacksonObjectMapperConfiguration'
2022-10-10 23:09:22.924 DEBUG 26488 --- [    Test worker] o.s.b.f.s.DefaultListableBeanFactory     : Creating shared instance of singleton bean 'jacksonObjectMapperBuilder'
2022-10-10 23:09:22.927 DEBUG 26488 --- [    Test worker] o.s.b.f.s.DefaultListableBeanFactory     : Creating shared instance of singleton bean 'org.springframework.boot.autoconfigure.jackson.JacksonAutoConfiguration$JacksonObjectMapperBuilderConfiguration'
2022-10-10 23:09:22.929 DEBUG 26488 --- [    Test worker] ocalVariableTableParameterNameDiscoverer : Cannot find '.class' file for class [class org.springframework.boot.autoconfigure.jackson.JacksonAutoConfiguration$JacksonObjectMapperBuilderConfiguration$$EnhancerBySpringCGLIB$$d8156eac] - unable to determine constructor/method parameter names
2022-10-10 23:09:22.930 DEBUG 26488 --- [    Test worker] o.s.b.f.s.DefaultListableBeanFactory     : Autowiring by type from bean name 'org.springframework.boot.autoconfigure.jackson.JacksonAutoConfiguration$JacksonObjectMapperBuilderConfiguration' via constructor to bean named 'org.springframework.boot.web.servlet.context.AnnotationConfigServletWebServerApplicationContext@21ba0741'
2022-10-10 23:09:22.934 DEBUG 26488 --- [    Test worker] o.s.b.f.s.DefaultListableBeanFactory     : Creating shared instance of singleton bean 'standardJacksonObjectMapperBuilderCustomizer'
2022-10-10 23:09:22.936 DEBUG 26488 --- [    Test worker] o.s.b.f.s.DefaultListableBeanFactory     : Creating shared instance of singleton bean 'org.springframework.boot.autoconfigure.jackson.JacksonAutoConfiguration$Jackson2ObjectMapperBuilderCustomizerConfiguration'
2022-10-10 23:09:22.943 DEBUG 26488 --- [    Test worker] o.s.b.f.s.DefaultListableBeanFactory     : Creating shared instance of singleton bean 'spring.jackson-org.springframework.boot.autoconfigure.jackson.JacksonProperties'
2022-10-10 23:09:22.949 DEBUG 26488 --- [    Test worker] o.s.b.f.s.DefaultListableBeanFactory     : Autowiring by type from bean name 'standardJacksonObjectMapperBuilderCustomizer' via factory method to bean named 'org.springframework.boot.web.servlet.context.AnnotationConfigServletWebServerApplicationContext@21ba0741'
2022-10-10 23:09:22.950 DEBUG 26488 --- [    Test worker] o.s.b.f.s.DefaultListableBeanFactory     : Autowiring by type from bean name 'standardJacksonObjectMapperBuilderCustomizer' via factory method to bean named 'spring.jackson-org.springframework.boot.autoconfigure.jackson.JacksonProperties'
2022-10-10 23:09:22.959 DEBUG 26488 --- [    Test worker] o.s.b.f.s.DefaultListableBeanFactory     : Autowiring by type from bean name 'jacksonObjectMapperBuilder' via factory method to bean named 'standardJacksonObjectMapperBuilderCustomizer'
2022-10-10 23:09:22.962 DEBUG 26488 --- [    Test worker] o.s.b.f.s.DefaultListableBeanFactory     : Creating shared instance of singleton bean 'parameterNamesModule'
2022-10-10 23:09:22.963 DEBUG 26488 --- [    Test worker] o.s.b.f.s.DefaultListableBeanFactory     : Creating shared instance of singleton bean 'org.springframework.boot.autoconfigure.jackson.JacksonAutoConfiguration$ParameterNamesModuleConfiguration'
[...]
2022-10-10 23:09:24.528 DEBUG 26488 --- [    Test worker] org.springframework.test.context.cache   : Spring test ApplicationContext cache statistics: [DefaultContextCache@4fa8bebb size = 1, maxSize = 32, parentContextCount = 0, hitCount = 1, missCount = 1]
2022-10-10 23:09:24.592 DEBUG 26488 --- [    Test worker] stomAnnotationTransactionAttributeSource : Adding transactional method 'save' with attribute: PROPAGATION_REQUIRED,ISOLATION_DEFAULT
2022-10-10 23:09:24.599 DEBUG 26488 --- [    Test worker] o.s.orm.jpa.JpaTransactionManager        : Creating new transaction with name [org.springframework.data.jpa.repository.support.SimpleJpaRepository.save]: PROPAGATION_REQUIRED,ISOLATION_DEFAULT
2022-10-10 23:09:24.600 DEBUG 26488 --- [    Test worker] o.s.orm.jpa.JpaTransactionManager        : Opened new EntityManager [SessionImpl(556798624<open>)] for JPA transaction
2022-10-10 23:09:24.607 DEBUG 26488 --- [    Test worker] o.s.orm.jpa.JpaTransactionManager        : Exposing JPA transaction as JDBC [org.springframework.orm.jpa.vendor.HibernateJpaDialect$HibernateConnectionHandle@18483b8b]
Hibernate: insert into posts (author, content, title) values (?, ?, ?)
2022-10-10 23:09:24.654 DEBUG 26488 --- [    Test worker] o.s.orm.jpa.JpaTransactionManager        : Initiating transaction commit
2022-10-10 23:09:24.654 DEBUG 26488 --- [    Test worker] o.s.orm.jpa.JpaTransactionManager        : Committing JPA transaction on EntityManager [SessionImpl(556798624<open>)]
2022-10-10 23:09:24.657 DEBUG 26488 --- [    Test worker] o.s.orm.jpa.JpaTransactionManager        : Closing JPA EntityManager [SessionImpl(556798624<open>)] after transaction
2022-10-10 23:09:24.699 DEBUG 26488 --- [    Test worker] o.s.web.client.RestTemplate              : HTTP PUT http://localhost:53905/api/v1/posts/1
2022-10-10 23:09:24.712 DEBUG 26488 --- [    Test worker] o.s.web.client.RestTemplate              : Accept=[application/json, application/*+json]
2022-10-10 23:09:24.737 DEBUG 26488 --- [    Test worker] o.s.web.client.RestTemplate              : Writing [com.awsProject.springboot.web.dto.PostsUpdateRequestDto@7079f8f0] with org.springframework.http.converter.json.MappingJackson2HttpMessageConverter
2022-10-10 23:09:24.832  INFO 26488 --- [o-auto-1-exec-3] o.a.c.c.C.[Tomcat].[localhost].[/]       : Initializing Spring DispatcherServlet 'dispatcherServlet'
2022-10-10 23:09:24.835  INFO 26488 --- [o-auto-1-exec-3] o.s.web.servlet.DispatcherServlet        : Initializing Servlet 'dispatcherServlet'
2022-10-10 23:09:24.836 DEBUG 26488 --- [o-auto-1-exec-3] o.s.web.servlet.DispatcherServlet        : Detected StandardServletMultipartResolver
2022-10-10 23:09:24.900 DEBUG 26488 --- [o-auto-1-exec-3] o.s.web.servlet.DispatcherServlet        : enableLoggingRequestDetails='false': request parameters and headers will be masked to prevent unsafe logging of potentially sensitive data
2022-10-10 23:09:24.903  INFO 26488 --- [o-auto-1-exec-3] o.s.web.servlet.DispatcherServlet        : Completed initialization in 67 ms
2022-10-10 23:09:24.920 DEBUG 26488 --- [o-auto-1-exec-3] o.s.web.servlet.DispatcherServlet        : PUT "/api/v1/posts/1", parameters={}
2022-10-10 23:09:24.938 DEBUG 26488 --- [o-auto-1-exec-3] s.w.s.m.m.a.RequestMappingHandlerMapping : Mapped to public java.lang.Long com.awsProject.springboot.web.PostsApiController.update(java.lang.Long,com.awsProject.springboot.web.dto.PostsUpdateRequestDto)
2022-10-10 23:09:24.940 DEBUG 26488 --- [o-auto-1-exec-3] o.j.s.OpenEntityManagerInViewInterceptor : Opening JPA EntityManager in OpenEntityManagerInViewInterceptor
2022-10-10 23:09:25.014 DEBUG 26488 --- [o-auto-1-exec-3] m.m.a.RequestResponseBodyMethodProcessor : Read "application/json;charset=UTF-8" to [com.awsProject.springboot.web.dto.PostsUpdateRequestDto@1f39bbfd]
2022-10-10 23:09:25.028 DEBUG 26488 --- [o-auto-1-exec-3] o.s.orm.jpa.JpaTransactionManager        : Found thread-bound EntityManager [SessionImpl(1604936992<open>)] for JPA transaction
2022-10-10 23:09:25.029 DEBUG 26488 --- [o-auto-1-exec-3] o.s.orm.jpa.JpaTransactionManager        : Creating new transaction with name [com.awsProject.springboot.service.posts.PostsService.update]: PROPAGATION_REQUIRED,ISOLATION_DEFAULT
2022-10-10 23:09:25.031 DEBUG 26488 --- [o-auto-1-exec-3] o.s.orm.jpa.JpaTransactionManager        : Exposing JPA transaction as JDBC [org.springframework.orm.jpa.vendor.HibernateJpaDialect$HibernateConnectionHandle@7f260550]
2022-10-10 23:09:25.058 DEBUG 26488 --- [o-auto-1-exec-3] stomAnnotationTransactionAttributeSource : Adding transactional method 'findById' with attribute: PROPAGATION_REQUIRED,ISOLATION_DEFAULT,readOnly
2022-10-10 23:09:25.058 DEBUG 26488 --- [o-auto-1-exec-3] o.s.orm.jpa.JpaTransactionManager        : Found thread-bound EntityManager [SessionImpl(1604936992<open>)] for JPA transaction
2022-10-10 23:09:25.058 DEBUG 26488 --- [o-auto-1-exec-3] o.s.orm.jpa.JpaTransactionManager        : Participating in existing transaction
Hibernate: select posts0_.id as id1_0_0_, posts0_.author as author2_0_0_, posts0_.content as content3_0_0_, posts0_.title as title4_0_0_ from posts posts0_ where posts0_.id=?
2022-10-10 23:09:25.086 DEBUG 26488 --- [o-auto-1-exec-3] o.s.orm.jpa.JpaTransactionManager        : Initiating transaction commit
2022-10-10 23:09:25.086 DEBUG 26488 --- [o-auto-1-exec-3] o.s.orm.jpa.JpaTransactionManager        : Committing JPA transaction on EntityManager [SessionImpl(1604936992<open>)]
Hibernate: update posts set author=?, content=?, title=? where id=?
2022-10-10 23:09:25.096 DEBUG 26488 --- [o-auto-1-exec-3] o.s.orm.jpa.JpaTransactionManager        : Not closing pre-bound JPA EntityManager after transaction
2022-10-10 23:09:25.106 DEBUG 26488 --- [o-auto-1-exec-3] m.m.a.RequestResponseBodyMethodProcessor : Using 'application/json', given [application/json, application/*+json] and supported [application/json, application/*+json, application/json, application/*+json]
2022-10-10 23:09:25.109 DEBUG 26488 --- [o-auto-1-exec-3] m.m.a.RequestResponseBodyMethodProcessor : Writing [1]
2022-10-10 23:09:25.131 DEBUG 26488 --- [    Test worker] o.s.web.client.RestTemplate              : Response 200 OK
2022-10-10 23:09:25.133 DEBUG 26488 --- [o-auto-1-exec-3] o.j.s.OpenEntityManagerInViewInterceptor : Closing JPA EntityManager in OpenEntityManagerInViewInterceptor
2022-10-10 23:09:25.136 DEBUG 26488 --- [o-auto-1-exec-3] o.s.web.servlet.DispatcherServlet        : Completed 200 OK
2022-10-10 23:09:25.142 DEBUG 26488 --- [    Test worker] o.s.web.client.RestTemplate              : Reading to [java.lang.Long]
2022-10-10 23:09:25.204 DEBUG 26488 --- [    Test worker] stomAnnotationTransactionAttributeSource : Adding transactional method 'findAll' with attribute: PROPAGATION_REQUIRED,ISOLATION_DEFAULT,readOnly
2022-10-10 23:09:25.208 DEBUG 26488 --- [    Test worker] o.s.orm.jpa.JpaTransactionManager        : Creating new transaction with name [org.springframework.data.jpa.repository.support.SimpleJpaRepository.findAll]: PROPAGATION_REQUIRED,ISOLATION_DEFAULT,readOnly
2022-10-10 23:09:25.209 DEBUG 26488 --- [    Test worker] o.s.orm.jpa.JpaTransactionManager        : Opened new EntityManager [SessionImpl(1974062116<open>)] for JPA transaction
2022-10-10 23:09:25.213 DEBUG 26488 --- [    Test worker] o.s.jdbc.datasource.DataSourceUtils      : Setting JDBC Connection [HikariProxyConnection@2113133067 wrapping conn0: url=jdbc:h2:mem:testdb user=SA] read-only
2022-10-10 23:09:25.213 DEBUG 26488 --- [    Test worker] o.s.orm.jpa.JpaTransactionManager        : Exposing JPA transaction as JDBC [org.springframework.orm.jpa.vendor.HibernateJpaDialect$HibernateConnectionHandle@4e5d5ac1]
2022-10-10 23:09:25.246  INFO 26488 --- [    Test worker] o.h.h.i.QueryTranslatorFactoryInitiator  : HHH000397: Using ASTQueryTranslatorFactory
Hibernate: select posts0_.id as id1_0_, posts0_.author as author2_0_, posts0_.content as content3_0_, posts0_.title as title4_0_ from posts posts0_
2022-10-10 23:09:25.340 DEBUG 26488 --- [    Test worker] o.s.orm.jpa.JpaTransactionManager        : Initiating transaction commit
2022-10-10 23:09:25.340 DEBUG 26488 --- [    Test worker] o.s.orm.jpa.JpaTransactionManager        : Committing JPA transaction on EntityManager [SessionImpl(1974062116<open>)]
2022-10-10 23:09:25.344 DEBUG 26488 --- [    Test worker] o.s.orm.jpa.JpaTransactionManager        : Closing JPA EntityManager [SessionImpl(1974062116<open>)] after transaction
2022-10-10 23:09:25.351 DEBUG 26488 --- [    Test worker] stomAnnotationTransactionAttributeSource : Adding transactional method 'deleteAll' with attribute: PROPAGATION_REQUIRED,ISOLATION_DEFAULT
2022-10-10 23:09:25.354 DEBUG 26488 --- [    Test worker] o.s.orm.jpa.JpaTransactionManager        : Creating new transaction with name [org.springframework.data.jpa.repository.support.SimpleJpaRepository.deleteAll]: PROPAGATION_REQUIRED,ISOLATION_DEFAULT
2022-10-10 23:09:25.354 DEBUG 26488 --- [    Test worker] o.s.orm.jpa.JpaTransactionManager        : Opened new EntityManager [SessionImpl(353566722<open>)] for JPA transaction
2022-10-10 23:09:25.354 DEBUG 26488 --- [    Test worker] o.s.orm.jpa.JpaTransactionManager        : Exposing JPA transaction as JDBC [org.springframework.orm.jpa.vendor.HibernateJpaDialect$HibernateConnectionHandle@5e7cd0df]
Hibernate: select posts0_.id as id1_0_, posts0_.author as author2_0_, posts0_.content as content3_0_, posts0_.title as title4_0_ from posts posts0_
2022-10-10 23:09:25.357 DEBUG 26488 --- [    Test worker] o.s.orm.jpa.JpaTransactionManager        : Initiating transaction commit
2022-10-10 23:09:25.357 DEBUG 26488 --- [    Test worker] o.s.orm.jpa.JpaTransactionManager        : Committing JPA transaction on EntityManager [SessionImpl(353566722<open>)]
Hibernate: delete from posts where id=?
2022-10-10 23:09:25.362 DEBUG 26488 --- [    Test worker] o.s.orm.jpa.JpaTransactionManager        : Closing JPA EntityManager [SessionImpl(353566722<open>)] after transaction
2022-10-10 23:09:25.364 DEBUG 26488 --- [    Test worker] c.DefaultCacheAwareContextLoaderDelegate : Retrieved ApplicationContext from cache with key [[WebMergedContextConfiguration@6c4906d3 testClass = PostsApiControllerTest, locations = '{}', classes = '{class com.awsProject.springboot.Application}', contextInitializerClasses = '[]', activeProfiles = '{}', propertySourceLocations = '{}', propertySourceProperties = '{org.springframework.boot.test.context.SpringBootTestContextBootstrapper=true, server.port=0}', contextCustomizers = set[org.springframework.boot.test.autoconfigure.properties.PropertyMappingContextCustomizer@0, org.springframework.boot.test.autoconfigure.web.servlet.WebDriverContextCustomizerFactory$Customizer@595b007d, org.springframework.boot.test.context.filter.ExcludeFilterContextCustomizer@79e2c065, org.springframework.boot.test.json.DuplicateJsonObjectContextCustomizerFactory$DuplicateJsonObjectContextCustomizer@7e07db1f, org.springframework.boot.test.mock.mockito.MockitoContextCustomizer@0, org.springframework.boot.test.web.client.TestRestTemplateContextCustomizer@77fbd92c], resourceBasePath = 'src/main/webapp', contextLoader = 'org.springframework.boot.test.context.SpringBootContextLoader', parent = [null]]]
2022-10-10 23:09:25.364 DEBUG 26488 --- [    Test worker] org.springframework.test.context.cache   : Spring test ApplicationContext cache statistics: [DefaultContextCache@4fa8bebb size = 1, maxSize = 32, parentContextCount = 0, hitCount = 2, missCount = 1]
2022-10-10 23:09:25.366 DEBUG 26488 --- [    Test worker] c.DefaultCacheAwareContextLoaderDelegate : Retrieved ApplicationContext from cache with key [[WebMergedContextConfiguration@6c4906d3 testClass = PostsApiControllerTest, locations = '{}', classes = '{class com.awsProject.springboot.Application}', contextInitializerClasses = '[]', activeProfiles = '{}', propertySourceLocations = '{}', propertySourceProperties = '{org.springframework.boot.test.context.SpringBootTestContextBootstrapper=true, server.port=0}', contextCustomizers = set[org.springframework.boot.test.autoconfigure.properties.PropertyMappingContextCustomizer@0, org.springframework.boot.test.autoconfigure.web.servlet.WebDriverContextCustomizerFactory$Customizer@595b007d, org.springframework.boot.test.context.filter.ExcludeFilterContextCustomizer@79e2c065, org.springframework.boot.test.json.DuplicateJsonObjectContextCustomizerFactory$DuplicateJsonObjectContextCustomizer@7e07db1f, org.springframework.boot.test.mock.mockito.MockitoContextCustomizer@0, org.springframework.boot.test.web.client.TestRestTemplateContextCustomizer@77fbd92c], resourceBasePath = 'src/main/webapp', contextLoader = 'org.springframework.boot.test.context.SpringBootContextLoader', parent = [null]]]
2022-10-10 23:09:25.366 DEBUG 26488 --- [    Test worker] org.springframework.test.context.cache   : Spring test ApplicationContext cache statistics: [DefaultContextCache@4fa8bebb size = 1, maxSize = 32, parentContextCount = 0, hitCount = 3, missCount = 1]
2022-10-10 23:09:25.366 DEBUG 26488 --- [    Test worker] c.DefaultCacheAwareContextLoaderDelegate : Retrieved ApplicationContext from cache with key [[WebMergedContextConfiguration@6c4906d3 testClass = PostsApiControllerTest, locations = '{}', classes = '{class com.awsProject.springboot.Application}', contextInitializerClasses = '[]', activeProfiles = '{}', propertySourceLocations = '{}', propertySourceProperties = '{org.springframework.boot.test.context.SpringBootTestContextBootstrapper=true, server.port=0}', contextCustomizers = set[org.springframework.boot.test.autoconfigure.properties.PropertyMappingContextCustomizer@0, org.springframework.boot.test.autoconfigure.web.servlet.WebDriverContextCustomizerFactory$Customizer@595b007d, org.springframework.boot.test.context.filter.ExcludeFilterContextCustomizer@79e2c065, org.springframework.boot.test.json.DuplicateJsonObjectContextCustomizerFactory$DuplicateJsonObjectContextCustomizer@7e07db1f, org.springframework.boot.test.mock.mockito.MockitoContextCustomizer@0, org.springframework.boot.test.web.client.TestRestTemplateContextCustomizer@77fbd92c], resourceBasePath = 'src/main/webapp', contextLoader = 'org.springframework.boot.test.context.SpringBootContextLoader', parent = [null]]]
2022-10-10 23:09:25.366 DEBUG 26488 --- [    Test worker] org.springframework.test.context.cache   : Spring test ApplicationContext cache statistics: [DefaultContextCache@4fa8bebb size = 1, maxSize = 32, parentContextCount = 0, hitCount = 4, missCount = 1]
2022-10-10 23:09:25.368 DEBUG 26488 --- [    Test worker] c.DefaultCacheAwareContextLoaderDelegate : Retrieved ApplicationContext from cache with key [[WebMergedContextConfiguration@6c4906d3 testClass = PostsApiControllerTest, locations = '{}', classes = '{class com.awsProject.springboot.Application}', contextInitializerClasses = '[]', activeProfiles = '{}', propertySourceLocations = '{}', propertySourceProperties = '{org.springframework.boot.test.context.SpringBootTestContextBootstrapper=true, server.port=0}', contextCustomizers = set[org.springframework.boot.test.autoconfigure.properties.PropertyMappingContextCustomizer@0, org.springframework.boot.test.autoconfigure.web.servlet.WebDriverContextCustomizerFactory$Customizer@595b007d, org.springframework.boot.test.context.filter.ExcludeFilterContextCustomizer@79e2c065, org.springframework.boot.test.json.DuplicateJsonObjectContextCustomizerFactory$DuplicateJsonObjectContextCustomizer@7e07db1f, org.springframework.boot.test.mock.mockito.MockitoContextCustomizer@0, org.springframework.boot.test.web.client.TestRestTemplateContextCustomizer@77fbd92c], resourceBasePath = 'src/main/webapp', contextLoader = 'org.springframework.boot.test.context.SpringBootContextLoader', parent = [null]]]
2022-10-10 23:09:25.368 DEBUG 26488 --- [    Test worker] org.springframework.test.context.cache   : Spring test ApplicationContext cache statistics: [DefaultContextCache@4fa8bebb size = 1, maxSize = 32, parentContextCount = 0, hitCount = 5, missCount = 1]
2022-10-10 23:09:25.379 DEBUG 26488 --- [    Test worker] tractDirtiesContextTestExecutionListener : After test method: context [DefaultTestContext@4bdeaabb testClass = PostsApiControllerTest, testInstance = com.awsProject.springboot.web.PostsApiControllerTest@239a307b, testMethod = Posts_수정된다@PostsApiControllerTest, testException = [null], mergedContextConfiguration = [WebMergedContextConfiguration@6c4906d3 testClass = PostsApiControllerTest, locations = '{}', classes = '{class com.awsProject.springboot.Application}', contextInitializerClasses = '[]', activeProfiles = '{}', propertySourceLocations = '{}', propertySourceProperties = '{org.springframework.boot.test.context.SpringBootTestContextBootstrapper=true, server.port=0}', contextCustomizers = set[org.springframework.boot.test.autoconfigure.properties.PropertyMappingContextCustomizer@0, org.springframework.boot.test.autoconfigure.web.servlet.WebDriverContextCustomizerFactory$Customizer@595b007d, org.springframework.boot.test.context.filter.ExcludeFilterContextCustomizer@79e2c065, org.springframework.boot.test.json.DuplicateJsonObjectContextCustomizerFactory$DuplicateJsonObjectContextCustomizer@7e07db1f, org.springframework.boot.test.mock.mockito.MockitoContextCustomizer@0, org.springframework.boot.test.web.client.TestRestTemplateContextCustomizer@77fbd92c], resourceBasePath = 'src/main/webapp', contextLoader = 'org.springframework.boot.test.context.SpringBootContextLoader', parent = [null]], attributes = map['org.springframework.test.context.web.ServletTestExecutionListener.activateListener' -> false]], class annotated with @DirtiesContext [false] with mode [null], method annotated with @DirtiesContext [false] with mode [null].
2022-10-10 23:09:25.381 DEBUG 26488 --- [    Test worker] tractDirtiesContextTestExecutionListener : After test class: context [DefaultTestContext@4bdeaabb testClass = PostsApiControllerTest, testInstance = [null], testMethod = [null], testException = [null], mergedContextConfiguration = [WebMergedContextConfiguration@6c4906d3 testClass = PostsApiControllerTest, locations = '{}', classes = '{class com.awsProject.springboot.Application}', contextInitializerClasses = '[]', activeProfiles = '{}', propertySourceLocations = '{}', propertySourceProperties = '{org.springframework.boot.test.context.SpringBootTestContextBootstrapper=true, server.port=0}', contextCustomizers = set[org.springframework.boot.test.autoconfigure.properties.PropertyMappingContextCustomizer@0, org.springframework.boot.test.autoconfigure.web.servlet.WebDriverContextCustomizerFactory$Customizer@595b007d, org.springframework.boot.test.context.filter.ExcludeFilterContextCustomizer@79e2c065, org.springframework.boot.test.json.DuplicateJsonObjectContextCustomizerFactory$DuplicateJsonObjectContextCustomizer@7e07db1f, org.springframework.boot.test.mock.mockito.MockitoContextCustomizer@0, org.springframework.boot.test.web.client.TestRestTemplateContextCustomizer@77fbd92c], resourceBasePath = 'src/main/webapp', contextLoader = 'org.springframework.boot.test.context.SpringBootContextLoader', parent = [null]], attributes = map['org.springframework.test.context.web.ServletTestExecutionListener.activateListener' -> false]], class annotated with @DirtiesContext [false] with mode [null].
]]></system-out>
  <system-err><![CDATA[]]></system-err>
</testsuite>
